The system is: Darwin - 19.6.0 - x86_64
Compiling the CXX compiler identification source file "CMakeCXXCompilerId.cpp" succeeded.
Compiler: /usr/local/bin/g++-10 
Build flags: 
Id flags:  

The output was:
0


Compilation of the CXX compiler identification source "CMakeCXXCompilerId.cpp" produced "a.out"

The CXX compiler identification is GNU, found in "/Users/aj/Documents/playground/freshstart/SparkFHE/deps/src/SEAL/CMakeFiles/3.18.2/CompilerIdCXX/a.out"

Compiling the C compiler identification source file "CMakeCCompilerId.c" succeeded.
Compiler: /Library/Developer/CommandLineTools/usr/bin/cc 
Build flags: 
Id flags:  

The output was:
0


Compilation of the C compiler identification source "CMakeCCompilerId.c" produced "a.out"

The C compiler identification is AppleClang, found in "/Users/aj/Documents/playground/freshstart/SparkFHE/deps/src/SEAL/CMakeFiles/3.18.2/CompilerIdC/a.out"

Detecting CXX compiler ABI info compiled with the following output:
Change Dir: /Users/aj/Documents/playground/freshstart/SparkFHE/deps/src/SEAL/CMakeFiles/CMakeTmp

Run Build Command(s):/usr/bin/make cmTC_fbd12/fast && /Library/Developer/CommandLineTools/usr/bin/make  -f CMakeFiles/cmTC_fbd12.dir/build.make CMakeFiles/cmTC_fbd12.dir/build
Building CXX object CMakeFiles/cmTC_fbd12.dir/CMakeCXXCompilerABI.cpp.o
/usr/local/bin/g++-10   -isysroot /Library/Developer/CommandLineTools/SDKs/MacOSX10.15.sdk   -v -Wl,-v -o CMakeFiles/cmTC_fbd12.dir/CMakeCXXCompilerABI.cpp.o -c /usr/local/Cellar/cmake/3.18.2/share/cmake/Modules/CMakeCXXCompilerABI.cpp
Using built-in specs.
COLLECT_GCC=/usr/local/bin/g++-10
Target: x86_64-apple-darwin19
Configured with: ../configure --build=x86_64-apple-darwin19 --prefix=/usr/local/Cellar/gcc/10.2.0 --libdir=/usr/local/Cellar/gcc/10.2.0/lib/gcc/10 --disable-nls --enable-checking=release --enable-languages=c,c++,objc,obj-c++,fortran --program-suffix=-10 --with-gmp=/usr/local/opt/gmp --with-mpfr=/usr/local/opt/mpfr --with-mpc=/usr/local/opt/libmpc --with-isl=/usr/local/opt/isl --with-system-zlib --with-pkgversion='Homebrew GCC 10.2.0' --with-bugurl=https://github.com/Homebrew/homebrew-core/issues --disable-multilib --with-native-system-header-dir=/usr/include --with-sysroot=/Library/Developer/CommandLineTools/SDKs/MacOSX10.15.sdk SED=/usr/bin/sed
Thread model: posix
Supported LTO compression algorithms: zlib
gcc version 10.2.0 (Homebrew GCC 10.2.0) 
COLLECT_GCC_OPTIONS='-isysroot' '/Library/Developer/CommandLineTools/SDKs/MacOSX10.15.sdk' '-v' '-o' 'CMakeFiles/cmTC_fbd12.dir/CMakeCXXCompilerABI.cpp.o' '-c' '-mmacosx-version-min=10.15.0' '-asm_macosx_version_min=10.15' '-shared-libgcc' '-mtune=core2'
 /usr/local/Cellar/gcc/10.2.0/libexec/gcc/x86_64-apple-darwin19/10.2.0/cc1plus -quiet -v -D__DYNAMIC__ -isysroot /Library/Developer/CommandLineTools/SDKs/MacOSX10.15.sdk /usr/local/Cellar/cmake/3.18.2/share/cmake/Modules/CMakeCXXCompilerABI.cpp -fPIC -quiet -dumpbase CMakeCXXCompilerABI.cpp -mmacosx-version-min=10.15.0 -mtune=core2 -auxbase-strip CMakeFiles/cmTC_fbd12.dir/CMakeCXXCompilerABI.cpp.o -version -o /var/folders/3p/qq8bbw1j1l97dv2v6p_lyhth0000gn/T//ccuMSBWp.s
GNU C++14 (Homebrew GCC 10.2.0) version 10.2.0 (x86_64-apple-darwin19)
	compiled by GNU C version 10.2.0, GMP version 6.2.0, MPFR version 4.0.2, MPC version 1.1.0, isl version isl-0.22.1-GMP

warning: MPFR header version 4.0.2 differs from library version 4.1.0.
warning: MPC header version 1.1.0 differs from library version 1.2.0.
GGC heuristics: --param ggc-min-expand=100 --param ggc-min-heapsize=131072
ignoring nonexistent directory "/Library/Developer/CommandLineTools/SDKs/MacOSX10.15.sdk/usr/local/include"
ignoring nonexistent directory "/usr/local/Cellar/gcc/10.2.0/lib/gcc/10/gcc/x86_64-apple-darwin19/10.2.0/../../../../../../x86_64-apple-darwin19/include"
ignoring nonexistent directory "/Library/Developer/CommandLineTools/SDKs/MacOSX10.15.sdk/Library/Frameworks"
#include "..." search starts here:
#include <...> search starts here:
 /usr/local/Cellar/gcc/10.2.0/lib/gcc/10/gcc/x86_64-apple-darwin19/10.2.0/../../../../../../include/c++/10.2.0
 /usr/local/Cellar/gcc/10.2.0/lib/gcc/10/gcc/x86_64-apple-darwin19/10.2.0/../../../../../../include/c++/10.2.0/x86_64-apple-darwin19
 /usr/local/Cellar/gcc/10.2.0/lib/gcc/10/gcc/x86_64-apple-darwin19/10.2.0/../../../../../../include/c++/10.2.0/backward
 /usr/local/Cellar/gcc/10.2.0/lib/gcc/10/gcc/x86_64-apple-darwin19/10.2.0/include
 /usr/local/Cellar/gcc/10.2.0/lib/gcc/10/gcc/x86_64-apple-darwin19/10.2.0/include-fixed
 /Library/Developer/CommandLineTools/SDKs/MacOSX10.15.sdk/usr/include
 /Library/Developer/CommandLineTools/SDKs/MacOSX10.15.sdk/System/Library/Frameworks
End of search list.
GNU C++14 (Homebrew GCC 10.2.0) version 10.2.0 (x86_64-apple-darwin19)
	compiled by GNU C version 10.2.0, GMP version 6.2.0, MPFR version 4.0.2, MPC version 1.1.0, isl version isl-0.22.1-GMP

warning: MPFR header version 4.0.2 differs from library version 4.1.0.
warning: MPC header version 1.1.0 differs from library version 1.2.0.
GGC heuristics: --param ggc-min-expand=100 --param ggc-min-heapsize=131072
Compiler executable checksum: ed6cb2c185a591167d9b34a5c166d800
COLLECT_GCC_OPTIONS='-isysroot' '/Library/Developer/CommandLineTools/SDKs/MacOSX10.15.sdk' '-v' '-o' 'CMakeFiles/cmTC_fbd12.dir/CMakeCXXCompilerABI.cpp.o' '-c' '-mmacosx-version-min=10.15.0'  '-shared-libgcc' '-mtune=core2'
 as -arch x86_64 -v -force_cpusubtype_ALL -mmacosx-version-min=10.15 -o CMakeFiles/cmTC_fbd12.dir/CMakeCXXCompilerABI.cpp.o /var/folders/3p/qq8bbw1j1l97dv2v6p_lyhth0000gn/T//ccuMSBWp.s
Apple clang version 12.0.0 (clang-1200.0.32.21)
Target: x86_64-apple-darwin19.6.0
Thread model: posix
InstalledDir: /Library/Developer/CommandLineTools/usr/bin
 "/Library/Developer/CommandLineTools/usr/bin/clang" -cc1as -triple x86_64-apple-macosx10.15.0 -filetype obj -main-file-name ccuMSBWp.s -target-cpu penryn -fdebug-compilation-dir /Users/aj/Documents/playground/freshstart/SparkFHE/deps/src/SEAL/CMakeFiles/CMakeTmp -dwarf-debug-producer "Apple clang version 12.0.0 (clang-1200.0.32.21)" -dwarf-version=4 -mrelocation-model pic -o CMakeFiles/cmTC_fbd12.dir/CMakeCXXCompilerABI.cpp.o /var/folders/3p/qq8bbw1j1l97dv2v6p_lyhth0000gn/T//ccuMSBWp.s
COMPILER_PATH=/usr/local/Cellar/gcc/10.2.0/libexec/gcc/x86_64-apple-darwin19/10.2.0/:/usr/local/Cellar/gcc/10.2.0/libexec/gcc/x86_64-apple-darwin19/10.2.0/:/usr/local/Cellar/gcc/10.2.0/libexec/gcc/x86_64-apple-darwin19/:/usr/local/Cellar/gcc/10.2.0/lib/gcc/10/gcc/x86_64-apple-darwin19/10.2.0/:/usr/local/Cellar/gcc/10.2.0/lib/gcc/10/gcc/x86_64-apple-darwin19/
LIBRARY_PATH=/usr/local/Cellar/gcc/10.2.0/lib/gcc/10/gcc/x86_64-apple-darwin19/10.2.0/:/usr/local/Cellar/gcc/10.2.0/lib/gcc/10/gcc/x86_64-apple-darwin19/10.2.0/../../../
COLLECT_GCC_OPTIONS='-isysroot' '/Library/Developer/CommandLineTools/SDKs/MacOSX10.15.sdk' '-v' '-o' 'CMakeFiles/cmTC_fbd12.dir/CMakeCXXCompilerABI.cpp.o' '-c' '-mmacosx-version-min=10.15.0'  '-shared-libgcc' '-mtune=core2'
Linking CXX executable cmTC_fbd12
/usr/local/Cellar/cmake/3.18.2/bin/cmake -E cmake_link_script CMakeFiles/cmTC_fbd12.dir/link.txt --verbose=1
/usr/local/bin/g++-10  -isysroot /Library/Developer/CommandLineTools/SDKs/MacOSX10.15.sdk -Wl,-search_paths_first -Wl,-headerpad_max_install_names  -v -Wl,-v CMakeFiles/cmTC_fbd12.dir/CMakeCXXCompilerABI.cpp.o -o cmTC_fbd12 
Using built-in specs.
COLLECT_GCC=/usr/local/bin/g++-10
COLLECT_LTO_WRAPPER=/usr/local/Cellar/gcc/10.2.0/libexec/gcc/x86_64-apple-darwin19/10.2.0/lto-wrapper
Target: x86_64-apple-darwin19
Configured with: ../configure --build=x86_64-apple-darwin19 --prefix=/usr/local/Cellar/gcc/10.2.0 --libdir=/usr/local/Cellar/gcc/10.2.0/lib/gcc/10 --disable-nls --enable-checking=release --enable-languages=c,c++,objc,obj-c++,fortran --program-suffix=-10 --with-gmp=/usr/local/opt/gmp --with-mpfr=/usr/local/opt/mpfr --with-mpc=/usr/local/opt/libmpc --with-isl=/usr/local/opt/isl --with-system-zlib --with-pkgversion='Homebrew GCC 10.2.0' --with-bugurl=https://github.com/Homebrew/homebrew-core/issues --disable-multilib --with-native-system-header-dir=/usr/include --with-sysroot=/Library/Developer/CommandLineTools/SDKs/MacOSX10.15.sdk SED=/usr/bin/sed
Thread model: posix
Supported LTO compression algorithms: zlib
gcc version 10.2.0 (Homebrew GCC 10.2.0) 
COMPILER_PATH=/usr/local/Cellar/gcc/10.2.0/libexec/gcc/x86_64-apple-darwin19/10.2.0/:/usr/local/Cellar/gcc/10.2.0/libexec/gcc/x86_64-apple-darwin19/10.2.0/:/usr/local/Cellar/gcc/10.2.0/libexec/gcc/x86_64-apple-darwin19/:/usr/local/Cellar/gcc/10.2.0/lib/gcc/10/gcc/x86_64-apple-darwin19/10.2.0/:/usr/local/Cellar/gcc/10.2.0/lib/gcc/10/gcc/x86_64-apple-darwin19/
LIBRARY_PATH=/usr/local/Cellar/gcc/10.2.0/lib/gcc/10/gcc/x86_64-apple-darwin19/10.2.0/:/usr/local/Cellar/gcc/10.2.0/lib/gcc/10/gcc/x86_64-apple-darwin19/10.2.0/../../../
COLLECT_GCC_OPTIONS='-isysroot' '/Library/Developer/CommandLineTools/SDKs/MacOSX10.15.sdk' '-v' '-o' 'cmTC_fbd12' '-mmacosx-version-min=10.15.0' '-asm_macosx_version_min=10.15' '-shared-libgcc' '-mtune=core2'
 /usr/local/Cellar/gcc/10.2.0/libexec/gcc/x86_64-apple-darwin19/10.2.0/collect2 -dynamic -arch x86_64 -macosx_version_min 10.15.0 -syslibroot /Library/Developer/CommandLineTools/SDKs/MacOSX10.15.sdk -weak_reference_mismatches non-weak -o cmTC_fbd12 -L/usr/local/Cellar/gcc/10.2.0/lib/gcc/10/gcc/x86_64-apple-darwin19/10.2.0 -L/usr/local/Cellar/gcc/10.2.0/lib/gcc/10/gcc/x86_64-apple-darwin19/10.2.0/../../.. -search_paths_first -headerpad_max_install_names -v CMakeFiles/cmTC_fbd12.dir/CMakeCXXCompilerABI.cpp.o -lstdc++ -lSystem -lgcc_ext.10.5 -lgcc -lSystem -no_compact_unwind -v
collect2 version 10.2.0
/usr/bin/ld -dynamic -arch x86_64 -macosx_version_min 10.15.0 -syslibroot /Library/Developer/CommandLineTools/SDKs/MacOSX10.15.sdk -weak_reference_mismatches non-weak -o cmTC_fbd12 -L/usr/local/Cellar/gcc/10.2.0/lib/gcc/10/gcc/x86_64-apple-darwin19/10.2.0 -L/usr/local/Cellar/gcc/10.2.0/lib/gcc/10/gcc/x86_64-apple-darwin19/10.2.0/../../.. -search_paths_first -headerpad_max_install_names -v CMakeFiles/cmTC_fbd12.dir/CMakeCXXCompilerABI.cpp.o -lstdc++ -lSystem -lgcc_ext.10.5 -lgcc -lSystem -no_compact_unwind -v
@(#)PROGRAM:ld  PROJECT:ld64-609
BUILD 18:16:50 Sep 24 2020
configured to support archs: armv6 armv7 armv7s arm64 arm64e arm64_32 i386 x86_64 x86_64h armv6m armv7k armv7m armv7em
@(#)PROGRAM:ld  PROJECT:ld64-609
BUILD 18:16:50 Sep 24 2020
configured to support archs: armv6 armv7 armv7s arm64 arm64e arm64_32 i386 x86_64 x86_64h armv6m armv7k armv7m armv7em
Library search paths:
	/usr/local/Cellar/gcc/10.2.0/lib/gcc/10/gcc/x86_64-apple-darwin19/10.2.0
	/usr/local/Cellar/gcc/10.2.0/lib/gcc/10
	/Library/Developer/CommandLineTools/SDKs/MacOSX10.15.sdk/usr/lib
Framework search paths:
	/Library/Developer/CommandLineTools/SDKs/MacOSX10.15.sdk/System/Library/Frameworks/



Parsed CXX implicit include dir info from above output: rv=done
  found start of include info
  found start of implicit include info
    add: [/usr/local/Cellar/gcc/10.2.0/lib/gcc/10/gcc/x86_64-apple-darwin19/10.2.0/../../../../../../include/c++/10.2.0]
    add: [/usr/local/Cellar/gcc/10.2.0/lib/gcc/10/gcc/x86_64-apple-darwin19/10.2.0/../../../../../../include/c++/10.2.0/x86_64-apple-darwin19]
    add: [/usr/local/Cellar/gcc/10.2.0/lib/gcc/10/gcc/x86_64-apple-darwin19/10.2.0/../../../../../../include/c++/10.2.0/backward]
    add: [/usr/local/Cellar/gcc/10.2.0/lib/gcc/10/gcc/x86_64-apple-darwin19/10.2.0/include]
    add: [/usr/local/Cellar/gcc/10.2.0/lib/gcc/10/gcc/x86_64-apple-darwin19/10.2.0/include-fixed]
    add: [/Library/Developer/CommandLineTools/SDKs/MacOSX10.15.sdk/usr/include]
    add: [/Library/Developer/CommandLineTools/SDKs/MacOSX10.15.sdk/System/Library/Frameworks]
  end of search list found
  collapse include dir [/usr/local/Cellar/gcc/10.2.0/lib/gcc/10/gcc/x86_64-apple-darwin19/10.2.0/../../../../../../include/c++/10.2.0] ==> [/usr/local/Cellar/gcc/10.2.0/include/c++/10.2.0]
  collapse include dir [/usr/local/Cellar/gcc/10.2.0/lib/gcc/10/gcc/x86_64-apple-darwin19/10.2.0/../../../../../../include/c++/10.2.0/x86_64-apple-darwin19] ==> [/usr/local/Cellar/gcc/10.2.0/include/c++/10.2.0/x86_64-apple-darwin19]
  collapse include dir [/usr/local/Cellar/gcc/10.2.0/lib/gcc/10/gcc/x86_64-apple-darwin19/10.2.0/../../../../../../include/c++/10.2.0/backward] ==> [/usr/local/Cellar/gcc/10.2.0/include/c++/10.2.0/backward]
  collapse include dir [/usr/local/Cellar/gcc/10.2.0/lib/gcc/10/gcc/x86_64-apple-darwin19/10.2.0/include] ==> [/usr/local/Cellar/gcc/10.2.0/lib/gcc/10/gcc/x86_64-apple-darwin19/10.2.0/include]
  collapse include dir [/usr/local/Cellar/gcc/10.2.0/lib/gcc/10/gcc/x86_64-apple-darwin19/10.2.0/include-fixed] ==> [/usr/local/Cellar/gcc/10.2.0/lib/gcc/10/gcc/x86_64-apple-darwin19/10.2.0/include-fixed]
  collapse include dir [/Library/Developer/CommandLineTools/SDKs/MacOSX10.15.sdk/usr/include] ==> [/Library/Developer/CommandLineTools/SDKs/MacOSX10.15.sdk/usr/include]
  collapse include dir [/Library/Developer/CommandLineTools/SDKs/MacOSX10.15.sdk/System/Library/Frameworks] ==> [/Library/Developer/CommandLineTools/SDKs/MacOSX10.15.sdk/System/Library/Frameworks]
  implicit include dirs: [/usr/local/Cellar/gcc/10.2.0/include/c++/10.2.0;/usr/local/Cellar/gcc/10.2.0/include/c++/10.2.0/x86_64-apple-darwin19;/usr/local/Cellar/gcc/10.2.0/include/c++/10.2.0/backward;/usr/local/Cellar/gcc/10.2.0/lib/gcc/10/gcc/x86_64-apple-darwin19/10.2.0/include;/usr/local/Cellar/gcc/10.2.0/lib/gcc/10/gcc/x86_64-apple-darwin19/10.2.0/include-fixed;/Library/Developer/CommandLineTools/SDKs/MacOSX10.15.sdk/usr/include;/Library/Developer/CommandLineTools/SDKs/MacOSX10.15.sdk/System/Library/Frameworks]


Parsed CXX implicit link information from above output:
  link line regex: [^( *|.*[/\])(ld|CMAKE_LINK_STARTFILE-NOTFOUND|([^/\]+-)?ld|collect2)[^/\]*( |$)]
  ignore line: [Change Dir: /Users/aj/Documents/playground/freshstart/SparkFHE/deps/src/SEAL/CMakeFiles/CMakeTmp]
  ignore line: []
  ignore line: [Run Build Command(s):/usr/bin/make cmTC_fbd12/fast && /Library/Developer/CommandLineTools/usr/bin/make  -f CMakeFiles/cmTC_fbd12.dir/build.make CMakeFiles/cmTC_fbd12.dir/build]
  ignore line: [Building CXX object CMakeFiles/cmTC_fbd12.dir/CMakeCXXCompilerABI.cpp.o]
  ignore line: [/usr/local/bin/g++-10   -isysroot /Library/Developer/CommandLineTools/SDKs/MacOSX10.15.sdk   -v -Wl -v -o CMakeFiles/cmTC_fbd12.dir/CMakeCXXCompilerABI.cpp.o -c /usr/local/Cellar/cmake/3.18.2/share/cmake/Modules/CMakeCXXCompilerABI.cpp]
  ignore line: [Using built-in specs.]
  ignore line: [COLLECT_GCC=/usr/local/bin/g++-10]
  ignore line: [Target: x86_64-apple-darwin19]
  ignore line: [Configured with: ../configure --build=x86_64-apple-darwin19 --prefix=/usr/local/Cellar/gcc/10.2.0 --libdir=/usr/local/Cellar/gcc/10.2.0/lib/gcc/10 --disable-nls --enable-checking=release --enable-languages=c c++ objc obj-c++ fortran --program-suffix=-10 --with-gmp=/usr/local/opt/gmp --with-mpfr=/usr/local/opt/mpfr --with-mpc=/usr/local/opt/libmpc --with-isl=/usr/local/opt/isl --with-system-zlib --with-pkgversion='Homebrew GCC 10.2.0' --with-bugurl=https://github.com/Homebrew/homebrew-core/issues --disable-multilib --with-native-system-header-dir=/usr/include --with-sysroot=/Library/Developer/CommandLineTools/SDKs/MacOSX10.15.sdk SED=/usr/bin/sed]
  ignore line: [Thread model: posix]
  ignore line: [Supported LTO compression algorithms: zlib]
  ignore line: [gcc version 10.2.0 (Homebrew GCC 10.2.0) ]
  ignore line: [COLLECT_GCC_OPTIONS='-isysroot' '/Library/Developer/CommandLineTools/SDKs/MacOSX10.15.sdk' '-v' '-o' 'CMakeFiles/cmTC_fbd12.dir/CMakeCXXCompilerABI.cpp.o' '-c' '-mmacosx-version-min=10.15.0' '-asm_macosx_version_min=10.15' '-shared-libgcc' '-mtune=core2']
  ignore line: [ /usr/local/Cellar/gcc/10.2.0/libexec/gcc/x86_64-apple-darwin19/10.2.0/cc1plus -quiet -v -D__DYNAMIC__ -isysroot /Library/Developer/CommandLineTools/SDKs/MacOSX10.15.sdk /usr/local/Cellar/cmake/3.18.2/share/cmake/Modules/CMakeCXXCompilerABI.cpp -fPIC -quiet -dumpbase CMakeCXXCompilerABI.cpp -mmacosx-version-min=10.15.0 -mtune=core2 -auxbase-strip CMakeFiles/cmTC_fbd12.dir/CMakeCXXCompilerABI.cpp.o -version -o /var/folders/3p/qq8bbw1j1l97dv2v6p_lyhth0000gn/T//ccuMSBWp.s]
  ignore line: [GNU C++14 (Homebrew GCC 10.2.0) version 10.2.0 (x86_64-apple-darwin19)]
  ignore line: [	compiled by GNU C version 10.2.0  GMP version 6.2.0  MPFR version 4.0.2  MPC version 1.1.0  isl version isl-0.22.1-GMP]
  ignore line: []
  ignore line: [warning: MPFR header version 4.0.2 differs from library version 4.1.0.]
  ignore line: [warning: MPC header version 1.1.0 differs from library version 1.2.0.]
  ignore line: [GGC heuristics: --param ggc-min-expand=100 --param ggc-min-heapsize=131072]
  ignore line: [ignoring nonexistent directory "/Library/Developer/CommandLineTools/SDKs/MacOSX10.15.sdk/usr/local/include"]
  ignore line: [ignoring nonexistent directory "/usr/local/Cellar/gcc/10.2.0/lib/gcc/10/gcc/x86_64-apple-darwin19/10.2.0/../../../../../../x86_64-apple-darwin19/include"]
  ignore line: [ignoring nonexistent directory "/Library/Developer/CommandLineTools/SDKs/MacOSX10.15.sdk/Library/Frameworks"]
  ignore line: [#include "..." search starts here:]
  ignore line: [#include <...> search starts here:]
  ignore line: [ /usr/local/Cellar/gcc/10.2.0/lib/gcc/10/gcc/x86_64-apple-darwin19/10.2.0/../../../../../../include/c++/10.2.0]
  ignore line: [ /usr/local/Cellar/gcc/10.2.0/lib/gcc/10/gcc/x86_64-apple-darwin19/10.2.0/../../../../../../include/c++/10.2.0/x86_64-apple-darwin19]
  ignore line: [ /usr/local/Cellar/gcc/10.2.0/lib/gcc/10/gcc/x86_64-apple-darwin19/10.2.0/../../../../../../include/c++/10.2.0/backward]
  ignore line: [ /usr/local/Cellar/gcc/10.2.0/lib/gcc/10/gcc/x86_64-apple-darwin19/10.2.0/include]
  ignore line: [ /usr/local/Cellar/gcc/10.2.0/lib/gcc/10/gcc/x86_64-apple-darwin19/10.2.0/include-fixed]
  ignore line: [ /Library/Developer/CommandLineTools/SDKs/MacOSX10.15.sdk/usr/include]
  ignore line: [ /Library/Developer/CommandLineTools/SDKs/MacOSX10.15.sdk/System/Library/Frameworks]
  ignore line: [End of search list.]
  ignore line: [GNU C++14 (Homebrew GCC 10.2.0) version 10.2.0 (x86_64-apple-darwin19)]
  ignore line: [	compiled by GNU C version 10.2.0  GMP version 6.2.0  MPFR version 4.0.2  MPC version 1.1.0  isl version isl-0.22.1-GMP]
  ignore line: []
  ignore line: [warning: MPFR header version 4.0.2 differs from library version 4.1.0.]
  ignore line: [warning: MPC header version 1.1.0 differs from library version 1.2.0.]
  ignore line: [GGC heuristics: --param ggc-min-expand=100 --param ggc-min-heapsize=131072]
  ignore line: [Compiler executable checksum: ed6cb2c185a591167d9b34a5c166d800]
  ignore line: [COLLECT_GCC_OPTIONS='-isysroot' '/Library/Developer/CommandLineTools/SDKs/MacOSX10.15.sdk' '-v' '-o' 'CMakeFiles/cmTC_fbd12.dir/CMakeCXXCompilerABI.cpp.o' '-c' '-mmacosx-version-min=10.15.0'  '-shared-libgcc' '-mtune=core2']
  ignore line: [ as -arch x86_64 -v -force_cpusubtype_ALL -mmacosx-version-min=10.15 -o CMakeFiles/cmTC_fbd12.dir/CMakeCXXCompilerABI.cpp.o /var/folders/3p/qq8bbw1j1l97dv2v6p_lyhth0000gn/T//ccuMSBWp.s]
  ignore line: [Apple clang version 12.0.0 (clang-1200.0.32.21)]
  ignore line: [Target: x86_64-apple-darwin19.6.0]
  ignore line: [Thread model: posix]
  ignore line: [InstalledDir: /Library/Developer/CommandLineTools/usr/bin]
  ignore line: [ "/Library/Developer/CommandLineTools/usr/bin/clang" -cc1as -triple x86_64-apple-macosx10.15.0 -filetype obj -main-file-name ccuMSBWp.s -target-cpu penryn -fdebug-compilation-dir /Users/aj/Documents/playground/freshstart/SparkFHE/deps/src/SEAL/CMakeFiles/CMakeTmp -dwarf-debug-producer "Apple clang version 12.0.0 (clang-1200.0.32.21)" -dwarf-version=4 -mrelocation-model pic -o CMakeFiles/cmTC_fbd12.dir/CMakeCXXCompilerABI.cpp.o /var/folders/3p/qq8bbw1j1l97dv2v6p_lyhth0000gn/T//ccuMSBWp.s]
  ignore line: [COMPILER_PATH=/usr/local/Cellar/gcc/10.2.0/libexec/gcc/x86_64-apple-darwin19/10.2.0/:/usr/local/Cellar/gcc/10.2.0/libexec/gcc/x86_64-apple-darwin19/10.2.0/:/usr/local/Cellar/gcc/10.2.0/libexec/gcc/x86_64-apple-darwin19/:/usr/local/Cellar/gcc/10.2.0/lib/gcc/10/gcc/x86_64-apple-darwin19/10.2.0/:/usr/local/Cellar/gcc/10.2.0/lib/gcc/10/gcc/x86_64-apple-darwin19/]
  ignore line: [LIBRARY_PATH=/usr/local/Cellar/gcc/10.2.0/lib/gcc/10/gcc/x86_64-apple-darwin19/10.2.0/:/usr/local/Cellar/gcc/10.2.0/lib/gcc/10/gcc/x86_64-apple-darwin19/10.2.0/../../../]
  ignore line: [COLLECT_GCC_OPTIONS='-isysroot' '/Library/Developer/CommandLineTools/SDKs/MacOSX10.15.sdk' '-v' '-o' 'CMakeFiles/cmTC_fbd12.dir/CMakeCXXCompilerABI.cpp.o' '-c' '-mmacosx-version-min=10.15.0'  '-shared-libgcc' '-mtune=core2']
  ignore line: [Linking CXX executable cmTC_fbd12]
  ignore line: [/usr/local/Cellar/cmake/3.18.2/bin/cmake -E cmake_link_script CMakeFiles/cmTC_fbd12.dir/link.txt --verbose=1]
  ignore line: [/usr/local/bin/g++-10  -isysroot /Library/Developer/CommandLineTools/SDKs/MacOSX10.15.sdk -Wl -search_paths_first -Wl -headerpad_max_install_names  -v -Wl -v CMakeFiles/cmTC_fbd12.dir/CMakeCXXCompilerABI.cpp.o -o cmTC_fbd12 ]
  ignore line: [Using built-in specs.]
  ignore line: [COLLECT_GCC=/usr/local/bin/g++-10]
  ignore line: [COLLECT_LTO_WRAPPER=/usr/local/Cellar/gcc/10.2.0/libexec/gcc/x86_64-apple-darwin19/10.2.0/lto-wrapper]
  ignore line: [Target: x86_64-apple-darwin19]
  ignore line: [Configured with: ../configure --build=x86_64-apple-darwin19 --prefix=/usr/local/Cellar/gcc/10.2.0 --libdir=/usr/local/Cellar/gcc/10.2.0/lib/gcc/10 --disable-nls --enable-checking=release --enable-languages=c c++ objc obj-c++ fortran --program-suffix=-10 --with-gmp=/usr/local/opt/gmp --with-mpfr=/usr/local/opt/mpfr --with-mpc=/usr/local/opt/libmpc --with-isl=/usr/local/opt/isl --with-system-zlib --with-pkgversion='Homebrew GCC 10.2.0' --with-bugurl=https://github.com/Homebrew/homebrew-core/issues --disable-multilib --with-native-system-header-dir=/usr/include --with-sysroot=/Library/Developer/CommandLineTools/SDKs/MacOSX10.15.sdk SED=/usr/bin/sed]
  ignore line: [Thread model: posix]
  ignore line: [Supported LTO compression algorithms: zlib]
  ignore line: [gcc version 10.2.0 (Homebrew GCC 10.2.0) ]
  ignore line: [COMPILER_PATH=/usr/local/Cellar/gcc/10.2.0/libexec/gcc/x86_64-apple-darwin19/10.2.0/:/usr/local/Cellar/gcc/10.2.0/libexec/gcc/x86_64-apple-darwin19/10.2.0/:/usr/local/Cellar/gcc/10.2.0/libexec/gcc/x86_64-apple-darwin19/:/usr/local/Cellar/gcc/10.2.0/lib/gcc/10/gcc/x86_64-apple-darwin19/10.2.0/:/usr/local/Cellar/gcc/10.2.0/lib/gcc/10/gcc/x86_64-apple-darwin19/]
  ignore line: [LIBRARY_PATH=/usr/local/Cellar/gcc/10.2.0/lib/gcc/10/gcc/x86_64-apple-darwin19/10.2.0/:/usr/local/Cellar/gcc/10.2.0/lib/gcc/10/gcc/x86_64-apple-darwin19/10.2.0/../../../]
  ignore line: [COLLECT_GCC_OPTIONS='-isysroot' '/Library/Developer/CommandLineTools/SDKs/MacOSX10.15.sdk' '-v' '-o' 'cmTC_fbd12' '-mmacosx-version-min=10.15.0' '-asm_macosx_version_min=10.15' '-shared-libgcc' '-mtune=core2']
  link line: [ /usr/local/Cellar/gcc/10.2.0/libexec/gcc/x86_64-apple-darwin19/10.2.0/collect2 -dynamic -arch x86_64 -macosx_version_min 10.15.0 -syslibroot /Library/Developer/CommandLineTools/SDKs/MacOSX10.15.sdk -weak_reference_mismatches non-weak -o cmTC_fbd12 -L/usr/local/Cellar/gcc/10.2.0/lib/gcc/10/gcc/x86_64-apple-darwin19/10.2.0 -L/usr/local/Cellar/gcc/10.2.0/lib/gcc/10/gcc/x86_64-apple-darwin19/10.2.0/../../.. -search_paths_first -headerpad_max_install_names -v CMakeFiles/cmTC_fbd12.dir/CMakeCXXCompilerABI.cpp.o -lstdc++ -lSystem -lgcc_ext.10.5 -lgcc -lSystem -no_compact_unwind -v]
    arg [/usr/local/Cellar/gcc/10.2.0/libexec/gcc/x86_64-apple-darwin19/10.2.0/collect2] ==> ignore
    arg [-dynamic] ==> ignore
    arg [-arch] ==> ignore
    arg [x86_64] ==> ignore
    arg [-macosx_version_min] ==> ignore
    arg [10.15.0] ==> ignore
    arg [-syslibroot] ==> ignore
    arg [/Library/Developer/CommandLineTools/SDKs/MacOSX10.15.sdk] ==> ignore
    arg [-weak_reference_mismatches] ==> ignore
    arg [non-weak] ==> ignore
    arg [-o] ==> ignore
    arg [cmTC_fbd12] ==> ignore
    arg [-L/usr/local/Cellar/gcc/10.2.0/lib/gcc/10/gcc/x86_64-apple-darwin19/10.2.0] ==> dir [/usr/local/Cellar/gcc/10.2.0/lib/gcc/10/gcc/x86_64-apple-darwin19/10.2.0]
    arg [-L/usr/local/Cellar/gcc/10.2.0/lib/gcc/10/gcc/x86_64-apple-darwin19/10.2.0/../../..] ==> dir [/usr/local/Cellar/gcc/10.2.0/lib/gcc/10/gcc/x86_64-apple-darwin19/10.2.0/../../..]
    arg [-search_paths_first] ==> ignore
    arg [-headerpad_max_install_names] ==> ignore
    arg [-v] ==> ignore
    arg [CMakeFiles/cmTC_fbd12.dir/CMakeCXXCompilerABI.cpp.o] ==> ignore
    arg [-lstdc++] ==> lib [stdc++]
    arg [-lSystem] ==> lib [System]
    arg [-lgcc_ext.10.5] ==> lib [gcc_ext.10.5]
    arg [-lgcc] ==> lib [gcc]
    arg [-lSystem] ==> lib [System]
    arg [-no_compact_unwind] ==> ignore
    arg [-v] ==> ignore
  Library search paths: [;/usr/local/Cellar/gcc/10.2.0/lib/gcc/10/gcc/x86_64-apple-darwin19/10.2.0;/usr/local/Cellar/gcc/10.2.0/lib/gcc/10;/Library/Developer/CommandLineTools/SDKs/MacOSX10.15.sdk/usr/lib]
  Framework search paths: [;/Library/Developer/CommandLineTools/SDKs/MacOSX10.15.sdk/System/Library/Frameworks/]
  remove lib [System]
  remove lib [System]
  collapse library dir [/usr/local/Cellar/gcc/10.2.0/lib/gcc/10/gcc/x86_64-apple-darwin19/10.2.0] ==> [/usr/local/Cellar/gcc/10.2.0/lib/gcc/10/gcc/x86_64-apple-darwin19/10.2.0]
  collapse library dir [/usr/local/Cellar/gcc/10.2.0/lib/gcc/10/gcc/x86_64-apple-darwin19/10.2.0/../../..] ==> [/usr/local/Cellar/gcc/10.2.0/lib/gcc/10]
  collapse library dir [/usr/local/Cellar/gcc/10.2.0/lib/gcc/10/gcc/x86_64-apple-darwin19/10.2.0] ==> [/usr/local/Cellar/gcc/10.2.0/lib/gcc/10/gcc/x86_64-apple-darwin19/10.2.0]
  collapse library dir [/usr/local/Cellar/gcc/10.2.0/lib/gcc/10] ==> [/usr/local/Cellar/gcc/10.2.0/lib/gcc/10]
  collapse library dir [/Library/Developer/CommandLineTools/SDKs/MacOSX10.15.sdk/usr/lib] ==> [/Library/Developer/CommandLineTools/SDKs/MacOSX10.15.sdk/usr/lib]
  collapse framework dir [/Library/Developer/CommandLineTools/SDKs/MacOSX10.15.sdk/System/Library/Frameworks/] ==> [/Library/Developer/CommandLineTools/SDKs/MacOSX10.15.sdk/System/Library/Frameworks]
  implicit libs: [stdc++;gcc_ext.10.5;gcc]
  implicit dirs: [/usr/local/Cellar/gcc/10.2.0/lib/gcc/10/gcc/x86_64-apple-darwin19/10.2.0;/usr/local/Cellar/gcc/10.2.0/lib/gcc/10;/Library/Developer/CommandLineTools/SDKs/MacOSX10.15.sdk/usr/lib]
  implicit fwks: [/Library/Developer/CommandLineTools/SDKs/MacOSX10.15.sdk/System/Library/Frameworks]


Detecting C compiler ABI info compiled with the following output:
Change Dir: /Users/aj/Documents/playground/freshstart/SparkFHE/deps/src/SEAL/CMakeFiles/CMakeTmp

Run Build Command(s):/usr/bin/make cmTC_2bd5e/fast && /Library/Developer/CommandLineTools/usr/bin/make  -f CMakeFiles/cmTC_2bd5e.dir/build.make CMakeFiles/cmTC_2bd5e.dir/build
Building C object CMakeFiles/cmTC_2bd5e.dir/CMakeCCompilerABI.c.o
/Library/Developer/CommandLineTools/usr/bin/cc   -isysroot /Library/Developer/CommandLineTools/SDKs/MacOSX10.15.sdk   -v -Wl,-v -o CMakeFiles/cmTC_2bd5e.dir/CMakeCCompilerABI.c.o -c /usr/local/Cellar/cmake/3.18.2/share/cmake/Modules/CMakeCCompilerABI.c
Apple clang version 12.0.0 (clang-1200.0.32.21)
Target: x86_64-apple-darwin19.6.0
Thread model: posix
InstalledDir: /Library/Developer/CommandLineTools/usr/bin
clang: warning: -Wl,-v: 'linker' input unused [-Wunused-command-line-argument]
 "/Library/Developer/CommandLineTools/usr/bin/clang" -cc1 -triple x86_64-apple-macosx10.15.0 -Wdeprecated-objc-isa-usage -Werror=deprecated-objc-isa-usage -Werror=implicit-function-declaration -emit-obj -mrelax-all -disable-free -disable-llvm-verifier -discard-value-names -main-file-name CMakeCCompilerABI.c -mrelocation-model pic -pic-level 2 -mthread-model posix -mframe-pointer=all -fno-strict-return -masm-verbose -munwind-tables -target-sdk-version=10.15.6 -fcompatibility-qualified-id-block-type-checking -target-cpu penryn -dwarf-column-info -debugger-tuning=lldb -target-linker-version 609 -v -resource-dir /Library/Developer/CommandLineTools/usr/lib/clang/12.0.0 -isysroot /Library/Developer/CommandLineTools/SDKs/MacOSX10.15.sdk -internal-isystem /Library/Developer/CommandLineTools/SDKs/MacOSX10.15.sdk/usr/local/include -internal-isystem /Library/Developer/CommandLineTools/usr/lib/clang/12.0.0/include -internal-externc-isystem /Library/Developer/CommandLineTools/SDKs/MacOSX10.15.sdk/usr/include -internal-externc-isystem /Library/Developer/CommandLineTools/usr/include -Wno-reorder-init-list -Wno-implicit-int-float-conversion -Wno-c99-designator -Wno-final-dtor-non-final-class -Wno-extra-semi-stmt -Wno-misleading-indentation -Wno-quoted-include-in-framework-header -Wno-implicit-fallthrough -Wno-enum-enum-conversion -Wno-enum-float-conversion -fdebug-compilation-dir /Users/aj/Documents/playground/freshstart/SparkFHE/deps/src/SEAL/CMakeFiles/CMakeTmp -ferror-limit 19 -fmessage-length 0 -stack-protector 1 -fstack-check -mdarwin-stkchk-strong-link -fblocks -fencode-extended-block-signature -fregister-global-dtors-with-atexit -fgnuc-version=4.2.1 -fobjc-runtime=macosx-10.15.0 -fmax-type-align=16 -fdiagnostics-show-option -o CMakeFiles/cmTC_2bd5e.dir/CMakeCCompilerABI.c.o -x c /usr/local/Cellar/cmake/3.18.2/share/cmake/Modules/CMakeCCompilerABI.c
clang -cc1 version 12.0.0 (clang-1200.0.32.21) default target x86_64-apple-darwin19.6.0
ignoring nonexistent directory "/Library/Developer/CommandLineTools/SDKs/MacOSX10.15.sdk/usr/local/include"
ignoring nonexistent directory "/Library/Developer/CommandLineTools/SDKs/MacOSX10.15.sdk/Library/Frameworks"
#include "..." search starts here:
#include <...> search starts here:
 /Library/Developer/CommandLineTools/usr/lib/clang/12.0.0/include
 /Library/Developer/CommandLineTools/SDKs/MacOSX10.15.sdk/usr/include
 /Library/Developer/CommandLineTools/usr/include
 /Library/Developer/CommandLineTools/SDKs/MacOSX10.15.sdk/System/Library/Frameworks (framework directory)
End of search list.
Linking C executable cmTC_2bd5e
/usr/local/Cellar/cmake/3.18.2/bin/cmake -E cmake_link_script CMakeFiles/cmTC_2bd5e.dir/link.txt --verbose=1
/Library/Developer/CommandLineTools/usr/bin/cc  -isysroot /Library/Developer/CommandLineTools/SDKs/MacOSX10.15.sdk -Wl,-search_paths_first -Wl,-headerpad_max_install_names  -v -Wl,-v CMakeFiles/cmTC_2bd5e.dir/CMakeCCompilerABI.c.o -o cmTC_2bd5e 
Apple clang version 12.0.0 (clang-1200.0.32.21)
Target: x86_64-apple-darwin19.6.0
Thread model: posix
InstalledDir: /Library/Developer/CommandLineTools/usr/bin
 "/Library/Developer/CommandLineTools/usr/bin/ld" -demangle -lto_library /Library/Developer/CommandLineTools/usr/lib/libLTO.dylib -dynamic -arch x86_64 -platform_version macos 10.15.0 10.15.6 -syslibroot /Library/Developer/CommandLineTools/SDKs/MacOSX10.15.sdk -o cmTC_2bd5e -search_paths_first -headerpad_max_install_names -v CMakeFiles/cmTC_2bd5e.dir/CMakeCCompilerABI.c.o -lSystem /Library/Developer/CommandLineTools/usr/lib/clang/12.0.0/lib/darwin/libclang_rt.osx.a
@(#)PROGRAM:ld  PROJECT:ld64-609
BUILD 18:16:50 Sep 24 2020
configured to support archs: armv6 armv7 armv7s arm64 arm64e arm64_32 i386 x86_64 x86_64h armv6m armv7k armv7m armv7em
Library search paths:
	/Library/Developer/CommandLineTools/SDKs/MacOSX10.15.sdk/usr/lib
Framework search paths:
	/Library/Developer/CommandLineTools/SDKs/MacOSX10.15.sdk/System/Library/Frameworks/



Parsed C implicit include dir info from above output: rv=done
  found start of include info
  found start of implicit include info
    add: [/Library/Developer/CommandLineTools/usr/lib/clang/12.0.0/include]
    add: [/Library/Developer/CommandLineTools/SDKs/MacOSX10.15.sdk/usr/include]
    add: [/Library/Developer/CommandLineTools/usr/include]
  end of search list found
  collapse include dir [/Library/Developer/CommandLineTools/usr/lib/clang/12.0.0/include] ==> [/Library/Developer/CommandLineTools/usr/lib/clang/12.0.0/include]
  collapse include dir [/Library/Developer/CommandLineTools/SDKs/MacOSX10.15.sdk/usr/include] ==> [/Library/Developer/CommandLineTools/SDKs/MacOSX10.15.sdk/usr/include]
  collapse include dir [/Library/Developer/CommandLineTools/usr/include] ==> [/Library/Developer/CommandLineTools/usr/include]
  implicit include dirs: [/Library/Developer/CommandLineTools/usr/lib/clang/12.0.0/include;/Library/Developer/CommandLineTools/SDKs/MacOSX10.15.sdk/usr/include;/Library/Developer/CommandLineTools/usr/include]


Parsed C implicit link information from above output:
  link line regex: [^( *|.*[/\])(ld|CMAKE_LINK_STARTFILE-NOTFOUND|([^/\]+-)?ld|collect2)[^/\]*( |$)]
  ignore line: [Change Dir: /Users/aj/Documents/playground/freshstart/SparkFHE/deps/src/SEAL/CMakeFiles/CMakeTmp]
  ignore line: []
  ignore line: [Run Build Command(s):/usr/bin/make cmTC_2bd5e/fast && /Library/Developer/CommandLineTools/usr/bin/make  -f CMakeFiles/cmTC_2bd5e.dir/build.make CMakeFiles/cmTC_2bd5e.dir/build]
  ignore line: [Building C object CMakeFiles/cmTC_2bd5e.dir/CMakeCCompilerABI.c.o]
  ignore line: [/Library/Developer/CommandLineTools/usr/bin/cc   -isysroot /Library/Developer/CommandLineTools/SDKs/MacOSX10.15.sdk   -v -Wl -v -o CMakeFiles/cmTC_2bd5e.dir/CMakeCCompilerABI.c.o -c /usr/local/Cellar/cmake/3.18.2/share/cmake/Modules/CMakeCCompilerABI.c]
  ignore line: [Apple clang version 12.0.0 (clang-1200.0.32.21)]
  ignore line: [Target: x86_64-apple-darwin19.6.0]
  ignore line: [Thread model: posix]
  ignore line: [InstalledDir: /Library/Developer/CommandLineTools/usr/bin]
  ignore line: [clang: warning: -Wl -v: 'linker' input unused [-Wunused-command-line-argument]]
  ignore line: [ "/Library/Developer/CommandLineTools/usr/bin/clang" -cc1 -triple x86_64-apple-macosx10.15.0 -Wdeprecated-objc-isa-usage -Werror=deprecated-objc-isa-usage -Werror=implicit-function-declaration -emit-obj -mrelax-all -disable-free -disable-llvm-verifier -discard-value-names -main-file-name CMakeCCompilerABI.c -mrelocation-model pic -pic-level 2 -mthread-model posix -mframe-pointer=all -fno-strict-return -masm-verbose -munwind-tables -target-sdk-version=10.15.6 -fcompatibility-qualified-id-block-type-checking -target-cpu penryn -dwarf-column-info -debugger-tuning=lldb -target-linker-version 609 -v -resource-dir /Library/Developer/CommandLineTools/usr/lib/clang/12.0.0 -isysroot /Library/Developer/CommandLineTools/SDKs/MacOSX10.15.sdk -internal-isystem /Library/Developer/CommandLineTools/SDKs/MacOSX10.15.sdk/usr/local/include -internal-isystem /Library/Developer/CommandLineTools/usr/lib/clang/12.0.0/include -internal-externc-isystem /Library/Developer/CommandLineTools/SDKs/MacOSX10.15.sdk/usr/include -internal-externc-isystem /Library/Developer/CommandLineTools/usr/include -Wno-reorder-init-list -Wno-implicit-int-float-conversion -Wno-c99-designator -Wno-final-dtor-non-final-class -Wno-extra-semi-stmt -Wno-misleading-indentation -Wno-quoted-include-in-framework-header -Wno-implicit-fallthrough -Wno-enum-enum-conversion -Wno-enum-float-conversion -fdebug-compilation-dir /Users/aj/Documents/playground/freshstart/SparkFHE/deps/src/SEAL/CMakeFiles/CMakeTmp -ferror-limit 19 -fmessage-length 0 -stack-protector 1 -fstack-check -mdarwin-stkchk-strong-link -fblocks -fencode-extended-block-signature -fregister-global-dtors-with-atexit -fgnuc-version=4.2.1 -fobjc-runtime=macosx-10.15.0 -fmax-type-align=16 -fdiagnostics-show-option -o CMakeFiles/cmTC_2bd5e.dir/CMakeCCompilerABI.c.o -x c /usr/local/Cellar/cmake/3.18.2/share/cmake/Modules/CMakeCCompilerABI.c]
  ignore line: [clang -cc1 version 12.0.0 (clang-1200.0.32.21) default target x86_64-apple-darwin19.6.0]
  ignore line: [ignoring nonexistent directory "/Library/Developer/CommandLineTools/SDKs/MacOSX10.15.sdk/usr/local/include"]
  ignore line: [ignoring nonexistent directory "/Library/Developer/CommandLineTools/SDKs/MacOSX10.15.sdk/Library/Frameworks"]
  ignore line: [#include "..." search starts here:]
  ignore line: [#include <...> search starts here:]
  ignore line: [ /Library/Developer/CommandLineTools/usr/lib/clang/12.0.0/include]
  ignore line: [ /Library/Developer/CommandLineTools/SDKs/MacOSX10.15.sdk/usr/include]
  ignore line: [ /Library/Developer/CommandLineTools/usr/include]
  ignore line: [ /Library/Developer/CommandLineTools/SDKs/MacOSX10.15.sdk/System/Library/Frameworks (framework directory)]
  ignore line: [End of search list.]
  ignore line: [Linking C executable cmTC_2bd5e]
  ignore line: [/usr/local/Cellar/cmake/3.18.2/bin/cmake -E cmake_link_script CMakeFiles/cmTC_2bd5e.dir/link.txt --verbose=1]
  ignore line: [/Library/Developer/CommandLineTools/usr/bin/cc  -isysroot /Library/Developer/CommandLineTools/SDKs/MacOSX10.15.sdk -Wl -search_paths_first -Wl -headerpad_max_install_names  -v -Wl -v CMakeFiles/cmTC_2bd5e.dir/CMakeCCompilerABI.c.o -o cmTC_2bd5e ]
  ignore line: [Apple clang version 12.0.0 (clang-1200.0.32.21)]
  ignore line: [Target: x86_64-apple-darwin19.6.0]
  ignore line: [Thread model: posix]
  ignore line: [InstalledDir: /Library/Developer/CommandLineTools/usr/bin]
  link line: [ "/Library/Developer/CommandLineTools/usr/bin/ld" -demangle -lto_library /Library/Developer/CommandLineTools/usr/lib/libLTO.dylib -dynamic -arch x86_64 -platform_version macos 10.15.0 10.15.6 -syslibroot /Library/Developer/CommandLineTools/SDKs/MacOSX10.15.sdk -o cmTC_2bd5e -search_paths_first -headerpad_max_install_names -v CMakeFiles/cmTC_2bd5e.dir/CMakeCCompilerABI.c.o -lSystem /Library/Developer/CommandLineTools/usr/lib/clang/12.0.0/lib/darwin/libclang_rt.osx.a]
    arg [/Library/Developer/CommandLineTools/usr/bin/ld] ==> ignore
    arg [-demangle] ==> ignore
    arg [-lto_library] ==> ignore, skip following value
    arg [/Library/Developer/CommandLineTools/usr/lib/libLTO.dylib] ==> skip value of -lto_library
    arg [-dynamic] ==> ignore
    arg [-arch] ==> ignore
    arg [x86_64] ==> ignore
    arg [-platform_version] ==> ignore
    arg [macos] ==> ignore
    arg [10.15.0] ==> ignore
    arg [10.15.6] ==> ignore
    arg [-syslibroot] ==> ignore
    arg [/Library/Developer/CommandLineTools/SDKs/MacOSX10.15.sdk] ==> ignore
    arg [-o] ==> ignore
    arg [cmTC_2bd5e] ==> ignore
    arg [-search_paths_first] ==> ignore
    arg [-headerpad_max_install_names] ==> ignore
    arg [-v] ==> ignore
    arg [CMakeFiles/cmTC_2bd5e.dir/CMakeCCompilerABI.c.o] ==> ignore
    arg [-lSystem] ==> lib [System]
    arg [/Library/Developer/CommandLineTools/usr/lib/clang/12.0.0/lib/darwin/libclang_rt.osx.a] ==> lib [/Library/Developer/CommandLineTools/usr/lib/clang/12.0.0/lib/darwin/libclang_rt.osx.a]
  Library search paths: [;/Library/Developer/CommandLineTools/SDKs/MacOSX10.15.sdk/usr/lib]
  Framework search paths: [;/Library/Developer/CommandLineTools/SDKs/MacOSX10.15.sdk/System/Library/Frameworks/]
  remove lib [System]
  remove lib [/Library/Developer/CommandLineTools/usr/lib/clang/12.0.0/lib/darwin/libclang_rt.osx.a]
  collapse library dir [/Library/Developer/CommandLineTools/SDKs/MacOSX10.15.sdk/usr/lib] ==> [/Library/Developer/CommandLineTools/SDKs/MacOSX10.15.sdk/usr/lib]
  collapse framework dir [/Library/Developer/CommandLineTools/SDKs/MacOSX10.15.sdk/System/Library/Frameworks/] ==> [/Library/Developer/CommandLineTools/SDKs/MacOSX10.15.sdk/System/Library/Frameworks]
  implicit libs: []
  implicit dirs: [/Library/Developer/CommandLineTools/SDKs/MacOSX10.15.sdk/usr/lib]
  implicit fwks: [/Library/Developer/CommandLineTools/SDKs/MacOSX10.15.sdk/System/Library/Frameworks]


Determining if the include file sys/types.h exists passed with the following output:
Change Dir: /Users/aj/Documents/playground/freshstart/SparkFHE/deps/src/SEAL/CMakeFiles/CMakeTmp

Run Build Command(s):/usr/bin/make cmTC_47911/fast && /Library/Developer/CommandLineTools/usr/bin/make  -f CMakeFiles/cmTC_47911.dir/build.make CMakeFiles/cmTC_47911.dir/build
Building C object CMakeFiles/cmTC_47911.dir/CheckIncludeFile.c.o
/Library/Developer/CommandLineTools/usr/bin/cc   -isysroot /Library/Developer/CommandLineTools/SDKs/MacOSX10.15.sdk -fPIE -o CMakeFiles/cmTC_47911.dir/CheckIncludeFile.c.o -c /Users/aj/Documents/playground/freshstart/SparkFHE/deps/src/SEAL/CMakeFiles/CMakeTmp/CheckIncludeFile.c
Linking C executable cmTC_47911
/usr/local/Cellar/cmake/3.18.2/bin/cmake -E cmake_link_script CMakeFiles/cmTC_47911.dir/link.txt --verbose=1
/Library/Developer/CommandLineTools/usr/bin/cc  -isysroot /Library/Developer/CommandLineTools/SDKs/MacOSX10.15.sdk -Wl,-search_paths_first -Wl,-headerpad_max_install_names CMakeFiles/cmTC_47911.dir/CheckIncludeFile.c.o -o cmTC_47911 



Determining if the include file stdint.h exists passed with the following output:
Change Dir: /Users/aj/Documents/playground/freshstart/SparkFHE/deps/src/SEAL/CMakeFiles/CMakeTmp

Run Build Command(s):/usr/bin/make cmTC_7f6fa/fast && /Library/Developer/CommandLineTools/usr/bin/make  -f CMakeFiles/cmTC_7f6fa.dir/build.make CMakeFiles/cmTC_7f6fa.dir/build
Building C object CMakeFiles/cmTC_7f6fa.dir/CheckIncludeFile.c.o
/Library/Developer/CommandLineTools/usr/bin/cc   -isysroot /Library/Developer/CommandLineTools/SDKs/MacOSX10.15.sdk -fPIE -o CMakeFiles/cmTC_7f6fa.dir/CheckIncludeFile.c.o -c /Users/aj/Documents/playground/freshstart/SparkFHE/deps/src/SEAL/CMakeFiles/CMakeTmp/CheckIncludeFile.c
Linking C executable cmTC_7f6fa
/usr/local/Cellar/cmake/3.18.2/bin/cmake -E cmake_link_script CMakeFiles/cmTC_7f6fa.dir/link.txt --verbose=1
/Library/Developer/CommandLineTools/usr/bin/cc  -isysroot /Library/Developer/CommandLineTools/SDKs/MacOSX10.15.sdk -Wl,-search_paths_first -Wl,-headerpad_max_install_names CMakeFiles/cmTC_7f6fa.dir/CheckIncludeFile.c.o -o cmTC_7f6fa 



Determining if the include file stddef.h exists passed with the following output:
Change Dir: /Users/aj/Documents/playground/freshstart/SparkFHE/deps/src/SEAL/CMakeFiles/CMakeTmp

Run Build Command(s):/usr/bin/make cmTC_960a9/fast && /Library/Developer/CommandLineTools/usr/bin/make  -f CMakeFiles/cmTC_960a9.dir/build.make CMakeFiles/cmTC_960a9.dir/build
Building C object CMakeFiles/cmTC_960a9.dir/CheckIncludeFile.c.o
/Library/Developer/CommandLineTools/usr/bin/cc   -isysroot /Library/Developer/CommandLineTools/SDKs/MacOSX10.15.sdk -fPIE -o CMakeFiles/cmTC_960a9.dir/CheckIncludeFile.c.o -c /Users/aj/Documents/playground/freshstart/SparkFHE/deps/src/SEAL/CMakeFiles/CMakeTmp/CheckIncludeFile.c
Linking C executable cmTC_960a9
/usr/local/Cellar/cmake/3.18.2/bin/cmake -E cmake_link_script CMakeFiles/cmTC_960a9.dir/link.txt --verbose=1
/Library/Developer/CommandLineTools/usr/bin/cc  -isysroot /Library/Developer/CommandLineTools/SDKs/MacOSX10.15.sdk -Wl,-search_paths_first -Wl,-headerpad_max_install_names CMakeFiles/cmTC_960a9.dir/CheckIncludeFile.c.o -o cmTC_960a9 



Determining if the function fseeko exists passed with the following output:
Change Dir: /Users/aj/Documents/playground/freshstart/SparkFHE/deps/src/SEAL/CMakeFiles/CMakeTmp

Run Build Command(s):/usr/bin/make cmTC_c7142/fast && /Library/Developer/CommandLineTools/usr/bin/make  -f CMakeFiles/cmTC_c7142.dir/build.make CMakeFiles/cmTC_c7142.dir/build
Building C object CMakeFiles/cmTC_c7142.dir/CheckFunctionExists.c.o
/Library/Developer/CommandLineTools/usr/bin/cc   -DCHECK_FUNCTION_EXISTS=fseeko -isysroot /Library/Developer/CommandLineTools/SDKs/MacOSX10.15.sdk -fPIE -o CMakeFiles/cmTC_c7142.dir/CheckFunctionExists.c.o -c /usr/local/Cellar/cmake/3.18.2/share/cmake/Modules/CheckFunctionExists.c
Linking C executable cmTC_c7142
/usr/local/Cellar/cmake/3.18.2/bin/cmake -E cmake_link_script CMakeFiles/cmTC_c7142.dir/link.txt --verbose=1
/Library/Developer/CommandLineTools/usr/bin/cc  -DCHECK_FUNCTION_EXISTS=fseeko -isysroot /Library/Developer/CommandLineTools/SDKs/MacOSX10.15.sdk -Wl,-search_paths_first -Wl,-headerpad_max_install_names CMakeFiles/cmTC_c7142.dir/CheckFunctionExists.c.o -o cmTC_c7142 



Determining if the include file unistd.h exists passed with the following output:
Change Dir: /Users/aj/Documents/playground/freshstart/SparkFHE/deps/src/SEAL/CMakeFiles/CMakeTmp

Run Build Command(s):/usr/bin/make cmTC_d2f30/fast && /Library/Developer/CommandLineTools/usr/bin/make  -f CMakeFiles/cmTC_d2f30.dir/build.make CMakeFiles/cmTC_d2f30.dir/build
Building C object CMakeFiles/cmTC_d2f30.dir/CheckIncludeFile.c.o
/Library/Developer/CommandLineTools/usr/bin/cc   -isysroot /Library/Developer/CommandLineTools/SDKs/MacOSX10.15.sdk -fPIE -o CMakeFiles/cmTC_d2f30.dir/CheckIncludeFile.c.o -c /Users/aj/Documents/playground/freshstart/SparkFHE/deps/src/SEAL/CMakeFiles/CMakeTmp/CheckIncludeFile.c
Linking C executable cmTC_d2f30
/usr/local/Cellar/cmake/3.18.2/bin/cmake -E cmake_link_script CMakeFiles/cmTC_d2f30.dir/link.txt --verbose=1
/Library/Developer/CommandLineTools/usr/bin/cc  -isysroot /Library/Developer/CommandLineTools/SDKs/MacOSX10.15.sdk -Wl,-search_paths_first -Wl,-headerpad_max_install_names CMakeFiles/cmTC_d2f30.dir/CheckIncludeFile.c.o -o cmTC_d2f30 



Performing C++ SOURCE FILE Test USE_STD_FOR_EACH_N succeeded with the following output:
Change Dir: /Users/aj/Documents/playground/freshstart/SparkFHE/deps/src/SEAL/CMakeFiles/CMakeTmp

Run Build Command(s):/usr/bin/make cmTC_ec491/fast && /Library/Developer/CommandLineTools/usr/bin/make  -f CMakeFiles/cmTC_ec491.dir/build.make CMakeFiles/cmTC_ec491.dir/build
Building CXX object CMakeFiles/cmTC_ec491.dir/src.cxx.o
/usr/local/bin/g++-10   -DUSE_STD_FOR_EACH_N  -O0 -std=c++17 -isysroot /Library/Developer/CommandLineTools/SDKs/MacOSX10.15.sdk -fPIE -o CMakeFiles/cmTC_ec491.dir/src.cxx.o -c /Users/aj/Documents/playground/freshstart/SparkFHE/deps/src/SEAL/CMakeFiles/CMakeTmp/src.cxx
Linking CXX executable cmTC_ec491
/usr/local/Cellar/cmake/3.18.2/bin/cmake -E cmake_link_script CMakeFiles/cmTC_ec491.dir/link.txt --verbose=1
/usr/local/bin/g++-10  -DUSE_STD_FOR_EACH_N  -O0 -std=c++17 -isysroot /Library/Developer/CommandLineTools/SDKs/MacOSX10.15.sdk -Wl,-search_paths_first -Wl,-headerpad_max_install_names CMakeFiles/cmTC_ec491.dir/src.cxx.o -o cmTC_ec491 


Source file was:

            #include <algorithm>
            int main() {
                int a[1]{ 0 };
                volatile auto fun = std::for_each_n(a, 1, [](auto b) {});
                return 0;
            }
Determining if the include file x86intrin.h exists passed with the following output:
Change Dir: /Users/aj/Documents/playground/freshstart/SparkFHE/deps/src/SEAL/CMakeFiles/CMakeTmp

Run Build Command(s):/usr/bin/make cmTC_535b0/fast && /Library/Developer/CommandLineTools/usr/bin/make  -f CMakeFiles/cmTC_535b0.dir/build.make CMakeFiles/cmTC_535b0.dir/build
Building CXX object CMakeFiles/cmTC_535b0.dir/CheckIncludeFile.cxx.o
/usr/local/bin/g++-10   -isysroot /Library/Developer/CommandLineTools/SDKs/MacOSX10.15.sdk -fPIE -o CMakeFiles/cmTC_535b0.dir/CheckIncludeFile.cxx.o -c /Users/aj/Documents/playground/freshstart/SparkFHE/deps/src/SEAL/CMakeFiles/CMakeTmp/CheckIncludeFile.cxx
Linking CXX executable cmTC_535b0
/usr/local/Cellar/cmake/3.18.2/bin/cmake -E cmake_link_script CMakeFiles/cmTC_535b0.dir/link.txt --verbose=1
/usr/local/bin/g++-10  -isysroot /Library/Developer/CommandLineTools/SDKs/MacOSX10.15.sdk -Wl,-search_paths_first -Wl,-headerpad_max_install_names CMakeFiles/cmTC_535b0.dir/CheckIncludeFile.cxx.o -o cmTC_535b0 



Determining size of __int128 passed with the following output:
Change Dir: /Users/aj/Documents/playground/freshstart/SparkFHE/deps/src/SEAL/CMakeFiles/CMakeTmp

Run Build Command(s):/usr/bin/make cmTC_c9d91/fast && /Library/Developer/CommandLineTools/usr/bin/make  -f CMakeFiles/cmTC_c9d91.dir/build.make CMakeFiles/cmTC_c9d91.dir/build
Building CXX object CMakeFiles/cmTC_c9d91.dir/INT128.cpp.o
/usr/local/bin/g++-10   -O0 -std=c++17 -isysroot /Library/Developer/CommandLineTools/SDKs/MacOSX10.15.sdk -fPIE -o CMakeFiles/cmTC_c9d91.dir/INT128.cpp.o -c /Users/aj/Documents/playground/freshstart/SparkFHE/deps/src/SEAL/CMakeFiles/CheckTypeSize/INT128.cpp
Linking CXX executable cmTC_c9d91
/usr/local/Cellar/cmake/3.18.2/bin/cmake -E cmake_link_script CMakeFiles/cmTC_c9d91.dir/link.txt --verbose=1
/usr/local/bin/g++-10   -O0 -std=c++17 -isysroot /Library/Developer/CommandLineTools/SDKs/MacOSX10.15.sdk -Wl,-search_paths_first -Wl,-headerpad_max_install_names CMakeFiles/cmTC_c9d91.dir/INT128.cpp.o -o cmTC_c9d91 



Performing C++ SOURCE FILE Test USE_BUILTIN_CLZLL succeeded with the following output:
Change Dir: /Users/aj/Documents/playground/freshstart/SparkFHE/deps/src/SEAL/CMakeFiles/CMakeTmp

Run Build Command(s):/usr/bin/make cmTC_9135d/fast && /Library/Developer/CommandLineTools/usr/bin/make  -f CMakeFiles/cmTC_9135d.dir/build.make CMakeFiles/cmTC_9135d.dir/build
Building CXX object CMakeFiles/cmTC_9135d.dir/src.cxx.o
/usr/local/bin/g++-10   -DUSE_BUILTIN_CLZLL  -O0 -std=c++17 -isysroot /Library/Developer/CommandLineTools/SDKs/MacOSX10.15.sdk -fPIE -o CMakeFiles/cmTC_9135d.dir/src.cxx.o -c /Users/aj/Documents/playground/freshstart/SparkFHE/deps/src/SEAL/CMakeFiles/CMakeTmp/src.cxx
Linking CXX executable cmTC_9135d
/usr/local/Cellar/cmake/3.18.2/bin/cmake -E cmake_link_script CMakeFiles/cmTC_9135d.dir/link.txt --verbose=1
/usr/local/bin/g++-10  -DUSE_BUILTIN_CLZLL  -O0 -std=c++17 -isysroot /Library/Developer/CommandLineTools/SDKs/MacOSX10.15.sdk -Wl,-search_paths_first -Wl,-headerpad_max_install_names CMakeFiles/cmTC_9135d.dir/src.cxx.o -o cmTC_9135d 


...and run output:

Return value: 1
Source file was:

                int main() {
                    volatile auto res = __builtin_clzll(0);
                    return 0;
                }
Performing C++ SOURCE FILE Test USE_ADDCARRY_U64 succeeded with the following output:
Change Dir: /Users/aj/Documents/playground/freshstart/SparkFHE/deps/src/SEAL/CMakeFiles/CMakeTmp

Run Build Command(s):/usr/bin/make cmTC_ccdf5/fast && /Library/Developer/CommandLineTools/usr/bin/make  -f CMakeFiles/cmTC_ccdf5.dir/build.make CMakeFiles/cmTC_ccdf5.dir/build
Building CXX object CMakeFiles/cmTC_ccdf5.dir/src.cxx.o
/usr/local/bin/g++-10   -DUSE_ADDCARRY_U64  -O0 -std=c++17 -isysroot /Library/Developer/CommandLineTools/SDKs/MacOSX10.15.sdk -fPIE -o CMakeFiles/cmTC_ccdf5.dir/src.cxx.o -c /Users/aj/Documents/playground/freshstart/SparkFHE/deps/src/SEAL/CMakeFiles/CMakeTmp/src.cxx
Linking CXX executable cmTC_ccdf5
/usr/local/Cellar/cmake/3.18.2/bin/cmake -E cmake_link_script CMakeFiles/cmTC_ccdf5.dir/link.txt --verbose=1
/usr/local/bin/g++-10  -DUSE_ADDCARRY_U64  -O0 -std=c++17 -isysroot /Library/Developer/CommandLineTools/SDKs/MacOSX10.15.sdk -Wl,-search_paths_first -Wl,-headerpad_max_install_names CMakeFiles/cmTC_ccdf5.dir/src.cxx.o -o cmTC_ccdf5 


...and run output:

Return value: 1
Source file was:

            #include <x86intrin.h>
            int main() {
                unsigned long long a;
                volatile auto res = _addcarry_u64(0,0,0,&a);
                return 0;
            }
Performing C++ SOURCE FILE Test USE_SUBBORROW_U64 succeeded with the following output:
Change Dir: /Users/aj/Documents/playground/freshstart/SparkFHE/deps/src/SEAL/CMakeFiles/CMakeTmp

Run Build Command(s):/usr/bin/make cmTC_a297e/fast && /Library/Developer/CommandLineTools/usr/bin/make  -f CMakeFiles/cmTC_a297e.dir/build.make CMakeFiles/cmTC_a297e.dir/build
Building CXX object CMakeFiles/cmTC_a297e.dir/src.cxx.o
/usr/local/bin/g++-10   -DUSE_SUBBORROW_U64  -O0 -std=c++17 -isysroot /Library/Developer/CommandLineTools/SDKs/MacOSX10.15.sdk -fPIE -o CMakeFiles/cmTC_a297e.dir/src.cxx.o -c /Users/aj/Documents/playground/freshstart/SparkFHE/deps/src/SEAL/CMakeFiles/CMakeTmp/src.cxx
Linking CXX executable cmTC_a297e
/usr/local/Cellar/cmake/3.18.2/bin/cmake -E cmake_link_script CMakeFiles/cmTC_a297e.dir/link.txt --verbose=1
/usr/local/bin/g++-10  -DUSE_SUBBORROW_U64  -O0 -std=c++17 -isysroot /Library/Developer/CommandLineTools/SDKs/MacOSX10.15.sdk -Wl,-search_paths_first -Wl,-headerpad_max_install_names CMakeFiles/cmTC_a297e.dir/src.cxx.o -o cmTC_a297e 


...and run output:

Return value: 1
Source file was:

            #include <x86intrin.h>
            int main() {
                unsigned long long a;
                volatile auto res = _subborrow_u64(0,0,0,&a);
                return 0;
            }
Determining if the include file pthread.h exists passed with the following output:
Change Dir: /Users/aj/Documents/playground/freshstart/SparkFHE/deps/src/SEAL/CMakeFiles/CMakeTmp

Run Build Command(s):/usr/bin/make cmTC_55d48/fast && /Library/Developer/CommandLineTools/usr/bin/make  -f CMakeFiles/cmTC_55d48.dir/build.make CMakeFiles/cmTC_55d48.dir/build
Building C object CMakeFiles/cmTC_55d48.dir/CheckIncludeFile.c.o
/Library/Developer/CommandLineTools/usr/bin/cc   -isysroot /Library/Developer/CommandLineTools/SDKs/MacOSX10.15.sdk -fPIE -o CMakeFiles/cmTC_55d48.dir/CheckIncludeFile.c.o -c /Users/aj/Documents/playground/freshstart/SparkFHE/deps/src/SEAL/CMakeFiles/CMakeTmp/CheckIncludeFile.c
Linking C executable cmTC_55d48
/usr/local/Cellar/cmake/3.18.2/bin/cmake -E cmake_link_script CMakeFiles/cmTC_55d48.dir/link.txt --verbose=1
/Library/Developer/CommandLineTools/usr/bin/cc  -isysroot /Library/Developer/CommandLineTools/SDKs/MacOSX10.15.sdk -Wl,-search_paths_first -Wl,-headerpad_max_install_names CMakeFiles/cmTC_55d48.dir/CheckIncludeFile.c.o -o cmTC_55d48 



Performing C SOURCE FILE Test CMAKE_HAVE_LIBC_PTHREAD succeeded with the following output:
Change Dir: /Users/aj/Documents/playground/freshstart/SparkFHE/deps/src/SEAL/CMakeFiles/CMakeTmp

Run Build Command(s):/usr/bin/make cmTC_5b191/fast && /Library/Developer/CommandLineTools/usr/bin/make  -f CMakeFiles/cmTC_5b191.dir/build.make CMakeFiles/cmTC_5b191.dir/build
Building C object CMakeFiles/cmTC_5b191.dir/src.c.o
/Library/Developer/CommandLineTools/usr/bin/cc   -DCMAKE_HAVE_LIBC_PTHREAD -isysroot /Library/Developer/CommandLineTools/SDKs/MacOSX10.15.sdk -fPIE -o CMakeFiles/cmTC_5b191.dir/src.c.o -c /Users/aj/Documents/playground/freshstart/SparkFHE/deps/src/SEAL/CMakeFiles/CMakeTmp/src.c
Linking C executable cmTC_5b191
/usr/local/Cellar/cmake/3.18.2/bin/cmake -E cmake_link_script CMakeFiles/cmTC_5b191.dir/link.txt --verbose=1
/Library/Developer/CommandLineTools/usr/bin/cc  -DCMAKE_HAVE_LIBC_PTHREAD -isysroot /Library/Developer/CommandLineTools/SDKs/MacOSX10.15.sdk -Wl,-search_paths_first -Wl,-headerpad_max_install_names CMakeFiles/cmTC_5b191.dir/src.c.o -o cmTC_5b191 


Source file was:
#include <pthread.h>

void* test_func(void* data)
{
  return data;
}

int main(void)
{
  pthread_t thread;
  pthread_create(&thread, NULL, test_func, NULL);
  pthread_detach(thread);
  pthread_cancel(thread);
  pthread_join(thread, NULL);
  pthread_atfork(NULL, NULL, NULL);
  pthread_exit(NULL);

  return 0;
}

Determining size of size_t passed with the following output:
Change Dir: /Users/aj/Documents/playground/freshstart/SparkFHE/deps/src/SEAL/CMakeFiles/CMakeTmp

Run Build Command(s):/usr/bin/make cmTC_91433/fast && /Library/Developer/CommandLineTools/usr/bin/make  -f CMakeFiles/cmTC_91433.dir/build.make CMakeFiles/cmTC_91433.dir/build
Building C object CMakeFiles/cmTC_91433.dir/SIZET.c.o
/Library/Developer/CommandLineTools/usr/bin/cc   -isysroot /Library/Developer/CommandLineTools/SDKs/MacOSX10.15.sdk -fPIE -o CMakeFiles/cmTC_91433.dir/SIZET.c.o -c /Users/aj/Documents/playground/freshstart/SparkFHE/deps/src/SEAL/CMakeFiles/CheckTypeSize/SIZET.c
Linking C executable cmTC_91433
/usr/local/Cellar/cmake/3.18.2/bin/cmake -E cmake_link_script CMakeFiles/cmTC_91433.dir/link.txt --verbose=1
/Library/Developer/CommandLineTools/usr/bin/cc  -isysroot /Library/Developer/CommandLineTools/SDKs/MacOSX10.15.sdk -Wl,-search_paths_first -Wl,-headerpad_max_install_names CMakeFiles/cmTC_91433.dir/SIZET.c.o -o cmTC_91433 



