This file contains any messages produced by compilers while
running configure, to aid debugging if configure makes a mistake.

It was created by ccache-swig configure 0.0, which was
generated by GNU Autoconf 2.69.  Invocation command line was

  $ ./configure --disable-option-checking --prefix=/Users/aj/Documents/playground/freshstart/SparkFHE/deps --exec-prefix=/Users/aj/Documents/playground/freshstart/SparkFHE/deps --cache-file=/dev/null --srcdir=.

## --------- ##
## Platform. ##
## --------- ##

hostname = Aamirs-MacBook-Pro.local
uname -m = x86_64
uname -r = 19.6.0
uname -s = Darwin
uname -v = Darwin Kernel Version 19.6.0: Mon Aug 31 22:12:52 PDT 2020; root:xnu-6153.141.2~1/RELEASE_X86_64

/usr/bin/uname -p = i386
/bin/uname -X     = unknown

/bin/arch              = unknown
/usr/bin/arch -k       = unknown
/usr/convex/getsysinfo = unknown
/usr/bin/hostinfo      = Mach kernel version:
	 Darwin Kernel Version 19.6.0: Mon Aug 31 22:12:52 PDT 2020; root:xnu-6153.141.2~1/RELEASE_X86_64
Kernel configured for up to 4 processors.
2 processors are physically available.
4 processors are logically available.
Processor type: x86_64h (Intel x86-64h Haswell)
Processors active: 0 1 2 3
Primary memory available: 8.00 gigabytes
Default processor set: 389 tasks, 2430 threads, 4 processors
Load average: 3.61, Mach factor: 0.93
/bin/machine           = unknown
/usr/bin/oslevel       = unknown
/bin/universe          = unknown

PATH: /usr/local/bin
PATH: /usr/local/Cellar/python@3.8/3.8.5/bin
PATH: /usr/local/bin
PATH: /usr/bin
PATH: /bin
PATH: /usr/sbin
PATH: /sbin
PATH: /Applications/VMware Fusion.app/Contents/Public
PATH: /usr/local/share/dotnet
PATH: ~/.dotnet/tools
PATH: /Library/Apple/usr/bin
PATH: /Applications/Wireshark.app/Contents/MacOS
PATH: /usr/local/Cellar/python@3.8/3.8.5/bin
PATH: /Applications/Visual Studio Code.app/Contents/Resources/app/bin
PATH: /usr/local/opt/python/libexec/bin
PATH: /Users/aj/Documents/playground/capstone/SparkFHE-python-api/deps/bin
PATH: /Applications/Visual Studio Code.app/Contents/Resources/app/bin
PATH: /usr/local/opt/python/libexec/bin
PATH: /Users/aj/Documents/playground/capstone/SparkFHE-python-api/deps/bin


## ----------- ##
## Core tests. ##
## ----------- ##

configure:2110: Configuring ccache
configure:2166: checking for gcc
configure:2182: found /usr/bin/gcc
configure:2193: result: gcc
configure:2422: checking for C compiler version
configure:2431: gcc --version >&5
Apple clang version 12.0.0 (clang-1200.0.32.21)
Target: x86_64-apple-darwin19.6.0
Thread model: posix
InstalledDir: /Library/Developer/CommandLineTools/usr/bin
Configured with: --prefix=/Library/Developer/CommandLineTools/usr --with-gxx-include-dir=/Library/Developer/CommandLineTools/SDKs/MacOSX.sdk/usr/include/c++/4.2.1
configure:2442: $? = 0
configure:2431: gcc -v >&5
Configured with: --prefix=/Library/Developer/CommandLineTools/usr --with-gxx-include-dir=/Library/Developer/CommandLineTools/SDKs/MacOSX.sdk/usr/include/c++/4.2.1
Apple clang version 12.0.0 (clang-1200.0.32.21)
Target: x86_64-apple-darwin19.6.0
Thread model: posix
InstalledDir: /Library/Developer/CommandLineTools/usr/bin
configure:2442: $? = 0
configure:2431: gcc -V >&5
clang: error: argument to '-V' is missing (expected 1 value)
clang: error: no input files
configure:2442: $? = 1
configure:2431: gcc -qversion >&5
clang: error: unknown argument '-qversion'; did you mean '--version'?
clang: error: no input files
configure:2442: $? = 1
configure:2462: checking whether the C compiler works
configure:2484: gcc   -I/usr/local/Cellar/pcre/8.44/include  conftest.c  >&5
configure:2488: $? = 0
configure:2536: result: yes
configure:2539: checking for C compiler default output file name
configure:2541: result: a.out
configure:2547: checking for suffix of executables
configure:2554: gcc -o conftest   -I/usr/local/Cellar/pcre/8.44/include  conftest.c  >&5
configure:2558: $? = 0
configure:2580: result: 
configure:2602: checking whether we are cross compiling
configure:2610: gcc -o conftest   -I/usr/local/Cellar/pcre/8.44/include  conftest.c  >&5
configure:2614: $? = 0
configure:2621: ./conftest
configure:2625: $? = 0
configure:2640: result: no
configure:2645: checking for suffix of object files
configure:2667: gcc -c   -I/usr/local/Cellar/pcre/8.44/include conftest.c >&5
configure:2671: $? = 0
configure:2692: result: o
configure:2696: checking whether we are using the GNU C compiler
configure:2715: gcc -c   -I/usr/local/Cellar/pcre/8.44/include conftest.c >&5
configure:2715: $? = 0
configure:2724: result: yes
configure:2733: checking whether gcc accepts -g
configure:2753: gcc -c -g  -I/usr/local/Cellar/pcre/8.44/include conftest.c >&5
configure:2753: $? = 0
configure:2794: result: yes
configure:2811: checking for gcc option to accept ISO C89
configure:2874: gcc  -c -g -O2  -I/usr/local/Cellar/pcre/8.44/include conftest.c >&5
configure:2874: $? = 0
configure:2887: result: none needed
configure:2912: checking how to run the C preprocessor
configure:2943: gcc -E  -I/usr/local/Cellar/pcre/8.44/include conftest.c
configure:2943: $? = 0
configure:2957: gcc -E  -I/usr/local/Cellar/pcre/8.44/include conftest.c
conftest.c:9:10: fatal error: 'ac_nonexistent.h' file not found
#include <ac_nonexistent.h>
         ^~~~~~~~~~~~~~~~~~
1 error generated.
configure:2957: $? = 1
configure: failed program was:
| /* confdefs.h */
| #define PACKAGE_NAME "ccache-swig"
| #define PACKAGE_TARNAME "ccache-swig"
| #define PACKAGE_VERSION "0.0"
| #define PACKAGE_STRING "ccache-swig 0.0"
| #define PACKAGE_BUGREPORT ""
| #define PACKAGE_URL ""
| /* end confdefs.h.  */
| #include <ac_nonexistent.h>
configure:2982: result: gcc -E
configure:3002: gcc -E  -I/usr/local/Cellar/pcre/8.44/include conftest.c
configure:3002: $? = 0
configure:3016: gcc -E  -I/usr/local/Cellar/pcre/8.44/include conftest.c
conftest.c:9:10: fatal error: 'ac_nonexistent.h' file not found
#include <ac_nonexistent.h>
         ^~~~~~~~~~~~~~~~~~
1 error generated.
configure:3016: $? = 1
configure: failed program was:
| /* confdefs.h */
| #define PACKAGE_NAME "ccache-swig"
| #define PACKAGE_TARNAME "ccache-swig"
| #define PACKAGE_VERSION "0.0"
| #define PACKAGE_STRING "ccache-swig 0.0"
| #define PACKAGE_BUGREPORT ""
| #define PACKAGE_URL ""
| /* end confdefs.h.  */
| #include <ac_nonexistent.h>
configure:3087: checking for a BSD-compatible install
configure:3155: result: /usr/bin/install -c
configure:3211: checking for dirent.h that defines DIR
configure:3230: gcc -c -g -O2 -Wall -W  -I/usr/local/Cellar/pcre/8.44/include conftest.c >&5
configure:3230: $? = 0
configure:3238: result: yes
configure:3251: checking for library containing opendir
configure:3282: gcc -o conftest -g -O2 -Wall -W  -I/usr/local/Cellar/pcre/8.44/include  conftest.c  >&5
configure:3282: $? = 0
configure:3299: result: none required
configure:3366: checking whether time.h and sys/time.h may both be included
configure:3386: gcc -c -g -O2 -Wall -W  -I/usr/local/Cellar/pcre/8.44/include conftest.c >&5
configure:3386: $? = 0
configure:3393: result: yes
configure:3401: checking for sys/wait.h that is POSIX.1 compatible
configure:3427: gcc -c -g -O2 -Wall -W  -I/usr/local/Cellar/pcre/8.44/include conftest.c >&5
configure:3427: $? = 0
configure:3434: result: yes
configure:3444: checking for grep that handles long lines and -e
configure:3502: result: /usr/bin/grep
configure:3507: checking for egrep
configure:3569: result: /usr/bin/grep -E
configure:3574: checking for ANSI C header files
configure:3594: gcc -c -g -O2 -Wall -W  -I/usr/local/Cellar/pcre/8.44/include conftest.c >&5
configure:3594: $? = 0
configure:3667: gcc -o conftest -g -O2 -Wall -W  -I/usr/local/Cellar/pcre/8.44/include  conftest.c  >&5
configure:3667: $? = 0
configure:3667: ./conftest
configure:3667: $? = 0
configure:3678: result: yes
configure:3691: checking for sys/types.h
configure:3691: gcc -c -g -O2 -Wall -W  -I/usr/local/Cellar/pcre/8.44/include conftest.c >&5
configure:3691: $? = 0
configure:3691: result: yes
configure:3691: checking for sys/stat.h
configure:3691: gcc -c -g -O2 -Wall -W  -I/usr/local/Cellar/pcre/8.44/include conftest.c >&5
configure:3691: $? = 0
configure:3691: result: yes
configure:3691: checking for stdlib.h
configure:3691: gcc -c -g -O2 -Wall -W  -I/usr/local/Cellar/pcre/8.44/include conftest.c >&5
configure:3691: $? = 0
configure:3691: result: yes
configure:3691: checking for string.h
configure:3691: gcc -c -g -O2 -Wall -W  -I/usr/local/Cellar/pcre/8.44/include conftest.c >&5
configure:3691: $? = 0
configure:3691: result: yes
configure:3691: checking for memory.h
configure:3691: gcc -c -g -O2 -Wall -W  -I/usr/local/Cellar/pcre/8.44/include conftest.c >&5
configure:3691: $? = 0
configure:3691: result: yes
configure:3691: checking for strings.h
configure:3691: gcc -c -g -O2 -Wall -W  -I/usr/local/Cellar/pcre/8.44/include conftest.c >&5
configure:3691: $? = 0
configure:3691: result: yes
configure:3691: checking for inttypes.h
configure:3691: gcc -c -g -O2 -Wall -W  -I/usr/local/Cellar/pcre/8.44/include conftest.c >&5
configure:3691: $? = 0
configure:3691: result: yes
configure:3691: checking for stdint.h
configure:3691: gcc -c -g -O2 -Wall -W  -I/usr/local/Cellar/pcre/8.44/include conftest.c >&5
configure:3691: $? = 0
configure:3691: result: yes
configure:3691: checking for unistd.h
configure:3691: gcc -c -g -O2 -Wall -W  -I/usr/local/Cellar/pcre/8.44/include conftest.c >&5
configure:3691: $? = 0
configure:3691: result: yes
configure:3706: checking ctype.h usability
configure:3706: gcc -c -g -O2 -Wall -W  -I/usr/local/Cellar/pcre/8.44/include conftest.c >&5
configure:3706: $? = 0
configure:3706: result: yes
configure:3706: checking ctype.h presence
configure:3706: gcc -E  -I/usr/local/Cellar/pcre/8.44/include conftest.c
configure:3706: $? = 0
configure:3706: result: yes
configure:3706: checking for ctype.h
configure:3706: result: yes
configure:3706: checking for strings.h
configure:3706: result: yes
configure:3706: checking for stdlib.h
configure:3706: result: yes
configure:3706: checking for string.h
configure:3706: result: yes
configure:3706: checking pwd.h usability
configure:3706: gcc -c -g -O2 -Wall -W  -I/usr/local/Cellar/pcre/8.44/include conftest.c >&5
configure:3706: $? = 0
configure:3706: result: yes
configure:3706: checking pwd.h presence
configure:3706: gcc -E  -I/usr/local/Cellar/pcre/8.44/include conftest.c
configure:3706: $? = 0
configure:3706: result: yes
configure:3706: checking for pwd.h
configure:3706: result: yes
configure:3706: checking sys/time.h usability
configure:3706: gcc -c -g -O2 -Wall -W  -I/usr/local/Cellar/pcre/8.44/include conftest.c >&5
configure:3706: $? = 0
configure:3706: result: yes
configure:3706: checking sys/time.h presence
configure:3706: gcc -E  -I/usr/local/Cellar/pcre/8.44/include conftest.c
configure:3706: $? = 0
configure:3706: result: yes
configure:3706: checking for sys/time.h
configure:3706: result: yes
configure:3720: checking for realpath
configure:3720: gcc -o conftest -g -O2 -Wall -W  -I/usr/local/Cellar/pcre/8.44/include  conftest.c  >&5
configure:3720: $? = 0
configure:3720: result: yes
configure:3720: checking for snprintf
configure:3720: gcc -o conftest -g -O2 -Wall -W  -I/usr/local/Cellar/pcre/8.44/include  conftest.c  >&5
conftest.c:54:6: warning: incompatible redeclaration of library function 'snprintf' [-Wincompatible-library-redeclaration]
char snprintf ();
     ^
conftest.c:54:6: note: 'snprintf' is a builtin with type 'int (char *, unsigned long, const char *, ...)'
1 warning generated.
configure:3720: $? = 0
configure:3720: result: yes
configure:3720: checking for vsnprintf
configure:3720: gcc -o conftest -g -O2 -Wall -W  -I/usr/local/Cellar/pcre/8.44/include  conftest.c  >&5
conftest.c:55:6: warning: incompatible redeclaration of library function 'vsnprintf' [-Wincompatible-library-redeclaration]
char vsnprintf ();
     ^
conftest.c:55:6: note: 'vsnprintf' is a builtin with type 'int (char *, unsigned long, const char *, struct __va_list_tag *)'
1 warning generated.
configure:3720: $? = 0
configure:3720: result: yes
configure:3720: checking for vasprintf
configure:3720: gcc -o conftest -g -O2 -Wall -W  -I/usr/local/Cellar/pcre/8.44/include  conftest.c  >&5
conftest.c:67:19: warning: format string missing [-Wformat]
return vasprintf ();
       ~~~~~~~~~  ^
1 warning generated.
configure:3720: $? = 0
configure:3720: result: yes
configure:3720: checking for asprintf
configure:3720: gcc -o conftest -g -O2 -Wall -W  -I/usr/local/Cellar/pcre/8.44/include  conftest.c  >&5
conftest.c:68:18: warning: format string missing [-Wformat]
return asprintf ();
       ~~~~~~~~  ^
1 warning generated.
configure:3720: $? = 0
configure:3720: result: yes
configure:3720: checking for mkstemp
configure:3720: gcc -o conftest -g -O2 -Wall -W  -I/usr/local/Cellar/pcre/8.44/include  conftest.c  >&5
configure:3720: $? = 0
configure:3720: result: yes
configure:3732: checking for gethostname
configure:3732: gcc -o conftest -g -O2 -Wall -W  -I/usr/local/Cellar/pcre/8.44/include  conftest.c  >&5
configure:3732: $? = 0
configure:3732: result: yes
configure:3732: checking for getpwuid
configure:3732: gcc -o conftest -g -O2 -Wall -W  -I/usr/local/Cellar/pcre/8.44/include  conftest.c  >&5
configure:3732: $? = 0
configure:3732: result: yes
configure:3743: checking for utimes
configure:3743: gcc -o conftest -g -O2 -Wall -W  -I/usr/local/Cellar/pcre/8.44/include  conftest.c  >&5
configure:3743: $? = 0
configure:3743: result: yes
configure:3753: checking for compar_fn_t in stdlib.h
configure:3772: gcc -c -g -O2 -Wall -W  -I/usr/local/Cellar/pcre/8.44/include conftest.c >&5
conftest.c:44:20: error: function definition is not allowed here
void test_fn(void) { qsort(NULL, 0, 0, (__compar_fn_t)NULL); }
                   ^
1 error generated.
configure:3772: $? = 1
configure: failed program was:
| /* confdefs.h */
| #define PACKAGE_NAME "ccache-swig"
| #define PACKAGE_TARNAME "ccache-swig"
| #define PACKAGE_VERSION "0.0"
| #define PACKAGE_STRING "ccache-swig 0.0"
| #define PACKAGE_BUGREPORT ""
| #define PACKAGE_URL ""
| #define PROGRAM_NAME "ccache-swig"
| #define _GNU_SOURCE 1
| #define HAVE_DIRENT_H 1
| #define TIME_WITH_SYS_TIME 1
| #define HAVE_SYS_WAIT_H 1
| #define STDC_HEADERS 1
| #define HAVE_SYS_TYPES_H 1
| #define HAVE_SYS_STAT_H 1
| #define HAVE_STDLIB_H 1
| #define HAVE_STRING_H 1
| #define HAVE_MEMORY_H 1
| #define HAVE_STRINGS_H 1
| #define HAVE_INTTYPES_H 1
| #define HAVE_STDINT_H 1
| #define HAVE_UNISTD_H 1
| #define HAVE_CTYPE_H 1
| #define HAVE_STRINGS_H 1
| #define HAVE_STDLIB_H 1
| #define HAVE_STRING_H 1
| #define HAVE_PWD_H 1
| #define HAVE_SYS_TIME_H 1
| #define HAVE_REALPATH 1
| #define HAVE_SNPRINTF 1
| #define HAVE_VSNPRINTF 1
| #define HAVE_VASPRINTF 1
| #define HAVE_ASPRINTF 1
| #define HAVE_MKSTEMP 1
| #define HAVE_GETHOSTNAME 1
| #define HAVE_GETPWUID 1
| #define HAVE_UTIMES 1
| /* end confdefs.h.  */
| #include <stdlib.h>
| int
| main ()
| {
| 
| void test_fn(void) { qsort(NULL, 0, 0, (__compar_fn_t)NULL); }
| 
|   ;
|   return 0;
| }
configure:3779: result: no
configure:3787: checking for C99 vsnprintf
configure:3818: gcc -o conftest -g -O2 -Wall -W  -I/usr/local/Cellar/pcre/8.44/include  conftest.c  >&5
conftest.c:48:14: error: implicitly declaring library function 'vsnprintf' with type 'int (char *, unsigned long, const char *, struct __va_list_tag *)' [-Werror,-Wimplicit-function-declaration]
       len = vsnprintf(0, 0, format, ap);
             ^
conftest.c:48:14: note: include the header <stdio.h> or explicitly provide a declaration for 'vsnprintf'
conftest.c:50:22: error: implicitly declaring library function 'exit' with type 'void (int) __attribute__((noreturn))' [-Werror,-Wimplicit-function-declaration]
       if (len != 5) exit(1);
                     ^
conftest.c:50:22: note: include the header <stdlib.h> or explicitly provide a declaration for 'exit'
conftest.c:52:12: error: implicitly declaring library function 'snprintf' with type 'int (char *, unsigned long, const char *, ...)' [-Werror,-Wimplicit-function-declaration]
       if (snprintf(buf, 3, "hello") != 5 || strcmp(buf, "he") != 0) exit(1);
           ^
conftest.c:52:12: note: include the header <stdio.h> or explicitly provide a declaration for 'snprintf'
conftest.c:52:46: error: implicitly declaring library function 'strcmp' with type 'int (const char *, const char *)' [-Werror,-Wimplicit-function-declaration]
       if (snprintf(buf, 3, "hello") != 5 || strcmp(buf, "he") != 0) exit(1);
                                             ^
conftest.c:52:46: note: include the header <string.h> or explicitly provide a declaration for 'strcmp'
conftest.c:56:1: warning: type specifier missing, defaults to 'int' [-Wimplicit-int]
main() { foo("hello"); }
^
1 warning and 4 errors generated.
configure:3818: $? = 1
configure: program exited with status 1
configure: failed program was:
| /* confdefs.h */
| #define PACKAGE_NAME "ccache-swig"
| #define PACKAGE_TARNAME "ccache-swig"
| #define PACKAGE_VERSION "0.0"
| #define PACKAGE_STRING "ccache-swig 0.0"
| #define PACKAGE_BUGREPORT ""
| #define PACKAGE_URL ""
| #define PROGRAM_NAME "ccache-swig"
| #define _GNU_SOURCE 1
| #define HAVE_DIRENT_H 1
| #define TIME_WITH_SYS_TIME 1
| #define HAVE_SYS_WAIT_H 1
| #define STDC_HEADERS 1
| #define HAVE_SYS_TYPES_H 1
| #define HAVE_SYS_STAT_H 1
| #define HAVE_STDLIB_H 1
| #define HAVE_STRING_H 1
| #define HAVE_MEMORY_H 1
| #define HAVE_STRINGS_H 1
| #define HAVE_INTTYPES_H 1
| #define HAVE_STDINT_H 1
| #define HAVE_UNISTD_H 1
| #define HAVE_CTYPE_H 1
| #define HAVE_STRINGS_H 1
| #define HAVE_STDLIB_H 1
| #define HAVE_STRING_H 1
| #define HAVE_PWD_H 1
| #define HAVE_SYS_TIME_H 1
| #define HAVE_REALPATH 1
| #define HAVE_SNPRINTF 1
| #define HAVE_VSNPRINTF 1
| #define HAVE_VASPRINTF 1
| #define HAVE_ASPRINTF 1
| #define HAVE_MKSTEMP 1
| #define HAVE_GETHOSTNAME 1
| #define HAVE_GETPWUID 1
| #define HAVE_UTIMES 1
| /* end confdefs.h.  */
| 
| #include <sys/types.h>
| #include <stdarg.h>
| void foo(const char *format, ...) {
|        va_list ap;
|        int len;
|        char buf[5];
| 
|        va_start(ap, format);
|        len = vsnprintf(0, 0, format, ap);
|        va_end(ap);
|        if (len != 5) exit(1);
| 
|        if (snprintf(buf, 3, "hello") != 5 || strcmp(buf, "he") != 0) exit(1);
| 
|        exit(0);
| }
| main() { foo("hello"); }
| 
configure:3828: result: no
configure:3845: checking zlib.h usability
configure:3845: gcc -c -g -O2 -Wall -W  -I/usr/local/Cellar/pcre/8.44/include conftest.c >&5
configure:3845: $? = 0
configure:3845: result: yes
configure:3845: checking zlib.h presence
configure:3845: gcc -E  -I/usr/local/Cellar/pcre/8.44/include conftest.c
configure:3845: $? = 0
configure:3845: result: yes
configure:3845: checking for zlib.h
configure:3845: result: yes
configure:3847: checking for gzdopen in -lz
configure:3872: gcc -o conftest -g -O2 -Wall -W  -I/usr/local/Cellar/pcre/8.44/include  conftest.c -lz   >&5
configure:3872: $? = 0
configure:3881: result: yes
configure:4011: creating ./config.status

## ---------------------- ##
## Running config.status. ##
## ---------------------- ##

This file was extended by ccache-swig config.status 0.0, which was
generated by GNU Autoconf 2.69.  Invocation command line was

  CONFIG_FILES    = 
  CONFIG_HEADERS  = 
  CONFIG_LINKS    = 
  CONFIG_COMMANDS = 
  $ ./config.status 

on Aamirs-MacBook-Pro.local

config.status:825: creating config_win32.h
config.status:825: creating Makefile
config.status:825: creating config.h

## ---------------- ##
## Cache variables. ##
## ---------------- ##

ac_cv_c_compiler_gnu=yes
ac_cv_env_CC_set=
ac_cv_env_CC_value=
ac_cv_env_CFLAGS_set=
ac_cv_env_CFLAGS_value=
ac_cv_env_CPPFLAGS_set=set
ac_cv_env_CPPFLAGS_value=' -I/usr/local/Cellar/pcre/8.44/include'
ac_cv_env_CPP_set=
ac_cv_env_CPP_value=
ac_cv_env_LDFLAGS_set=set
ac_cv_env_LDFLAGS_value=
ac_cv_env_LIBS_set=
ac_cv_env_LIBS_value=
ac_cv_env_build_alias_set=
ac_cv_env_build_alias_value=
ac_cv_env_host_alias_set=
ac_cv_env_host_alias_value=
ac_cv_env_target_alias_set=
ac_cv_env_target_alias_value=
ac_cv_func_asprintf=yes
ac_cv_func_gethostname=yes
ac_cv_func_getpwuid=yes
ac_cv_func_mkstemp=yes
ac_cv_func_realpath=yes
ac_cv_func_snprintf=yes
ac_cv_func_utimes=yes
ac_cv_func_vasprintf=yes
ac_cv_func_vsnprintf=yes
ac_cv_header_ctype_h=yes
ac_cv_header_dirent_dirent_h=yes
ac_cv_header_inttypes_h=yes
ac_cv_header_memory_h=yes
ac_cv_header_pwd_h=yes
ac_cv_header_stdc=yes
ac_cv_header_stdint_h=yes
ac_cv_header_stdlib_h=yes
ac_cv_header_string_h=yes
ac_cv_header_strings_h=yes
ac_cv_header_sys_stat_h=yes
ac_cv_header_sys_time_h=yes
ac_cv_header_sys_types_h=yes
ac_cv_header_sys_wait_h=yes
ac_cv_header_time=yes
ac_cv_header_unistd_h=yes
ac_cv_header_zlib_h=yes
ac_cv_lib_z_gzdopen=yes
ac_cv_objext=o
ac_cv_path_EGREP='/usr/bin/grep -E'
ac_cv_path_GREP=/usr/bin/grep
ac_cv_path_install='/usr/bin/install -c'
ac_cv_prog_CPP='gcc -E'
ac_cv_prog_ac_ct_CC=gcc
ac_cv_prog_cc_c89=
ac_cv_prog_cc_g=yes
ac_cv_search_opendir='none required'
ccache_cv_COMPAR_FN_T=no
ccache_cv_HAVE_C99_VSNPRINTF=no

## ----------------- ##
## Output variables. ##
## ----------------- ##

CC='gcc'
CFLAGS='-g -O2 -Wall -W'
CPP='gcc -E'
CPPFLAGS=' -I/usr/local/Cellar/pcre/8.44/include'
DEFS='-DHAVE_CONFIG_H'
ECHO_C='\c'
ECHO_N=''
ECHO_T=''
EGREP='/usr/bin/grep -E'
EXEEXT=''
GREP='/usr/bin/grep'
INSTALL_DATA='${INSTALL} -m 644'
INSTALL_PROGRAM='${INSTALL}'
INSTALL_SCRIPT='${INSTALL}'
LDFLAGS=''
LIBOBJS=''
LIBS='-lz '
LTLIBOBJS=''
OBJEXT='o'
PACKAGE_BUGREPORT=''
PACKAGE_NAME='ccache-swig'
PACKAGE_STRING='ccache-swig 0.0'
PACKAGE_TARNAME='ccache-swig'
PACKAGE_URL=''
PACKAGE_VERSION='0.0'
PATH_SEPARATOR=':'
PROGRAM_NAME='ccache-swig'
SHELL='/bin/sh'
ac_ct_CC='gcc'
bindir='${exec_prefix}/bin'
build_alias=''
datadir='${datarootdir}'
datarootdir='${prefix}/share'
docdir='${datarootdir}/doc/${PACKAGE_TARNAME}'
dvidir='${docdir}'
exec_prefix='/Users/aj/Documents/playground/freshstart/SparkFHE/deps'
host_alias=''
htmldir='${docdir}'
includedir='${prefix}/include'
infodir='${datarootdir}/info'
libdir='${exec_prefix}/lib'
libexecdir='${exec_prefix}/libexec'
localedir='${datarootdir}/locale'
localstatedir='${prefix}/var'
mandir='${datarootdir}/man'
oldincludedir='/usr/include'
pdfdir='${docdir}'
prefix='/Users/aj/Documents/playground/freshstart/SparkFHE/deps'
program_transform_name='s,x,x,'
psdir='${docdir}'
runstatedir='${localstatedir}/run'
sbindir='${exec_prefix}/sbin'
sharedstatedir='${prefix}/com'
sysconfdir='${prefix}/etc'
target_alias=''

## ----------- ##
## confdefs.h. ##
## ----------- ##

/* confdefs.h */
#define PACKAGE_NAME "ccache-swig"
#define PACKAGE_TARNAME "ccache-swig"
#define PACKAGE_VERSION "0.0"
#define PACKAGE_STRING "ccache-swig 0.0"
#define PACKAGE_BUGREPORT ""
#define PACKAGE_URL ""
#define PROGRAM_NAME "ccache-swig"
#define _GNU_SOURCE 1
#define HAVE_DIRENT_H 1
#define TIME_WITH_SYS_TIME 1
#define HAVE_SYS_WAIT_H 1
#define STDC_HEADERS 1
#define HAVE_SYS_TYPES_H 1
#define HAVE_SYS_STAT_H 1
#define HAVE_STDLIB_H 1
#define HAVE_STRING_H 1
#define HAVE_MEMORY_H 1
#define HAVE_STRINGS_H 1
#define HAVE_INTTYPES_H 1
#define HAVE_STDINT_H 1
#define HAVE_UNISTD_H 1
#define HAVE_CTYPE_H 1
#define HAVE_STRINGS_H 1
#define HAVE_STDLIB_H 1
#define HAVE_STRING_H 1
#define HAVE_PWD_H 1
#define HAVE_SYS_TIME_H 1
#define HAVE_REALPATH 1
#define HAVE_SNPRINTF 1
#define HAVE_VSNPRINTF 1
#define HAVE_VASPRINTF 1
#define HAVE_ASPRINTF 1
#define HAVE_MKSTEMP 1
#define HAVE_GETHOSTNAME 1
#define HAVE_GETPWUID 1
#define HAVE_UTIMES 1
#define ENABLE_ZLIB 1

configure: exit 0
